docker build -t "networkit-393:latest" .
Sending build context to Docker daemon 3.072 kB
Step 1/10 : FROM fedora:30
 ---> 9754ce14641d
Step 2/10 : RUN dnf install -y @development-tools make automake cmake gcc gcc-c++ kernel-devel python3-devel
 ---> Running in 2a81842caf33
Fedora Modular 30 - x86_64                      1.4 MB/s | 2.7 MB     00:01    
Fedora Modular 30 - x86_64 - Updates            1.7 MB/s | 2.3 MB     00:01    
Fedora 30 - x86_64 - Updates                    4.1 MB/s |  18 MB     00:04    
Fedora 30 - x86_64                              6.0 MB/s |  70 MB     00:11    
Last metadata expiration check: 0:00:01 ago on Thu Aug  1 19:34:44 2019.
Dependencies resolved.
================================================================================
 Package                  Arch     Version                      Repo       Size
================================================================================
Installing:
 automake                 noarch   1.16.1-12.fc30               updates   695 k
 cmake                    x86_64   3.14.5-1.fc30                updates   8.4 M
 gcc                      x86_64   9.1.1-1.fc30                 updates    23 M
 gcc-c++                  x86_64   9.1.1-1.fc30                 updates    12 M
 kernel-devel             x86_64   5.1.20-300.fc30              updates    13 M
 python3-devel            x86_64   3.7.4-1.fc30                 updates   211 k
 make                     x86_64   1:4.2.1-13.fc30              fedora    482 k
Upgrading:
 libgcc                   x86_64   9.1.1-1.fc30                 updates    87 k
 libstdc++                x86_64   9.1.1-1.fc30                 updates   576 k
 python3                  x86_64   3.7.4-1.fc30                 updates    36 k
 python3-libs             x86_64   3.7.4-1.fc30                 updates   7.7 M
Installing group/module packages:
 subversion               x86_64   1.12.0-1.fc30                updates   1.1 M
 systemtap                x86_64   4.1-1.fc30                   updates   7.2 k
 diffstat                 x86_64   1.62-2.fc30                  fedora     38 k
 doxygen                  x86_64   1:1.8.15-6.fc30              fedora    4.3 M
 gettext                  x86_64   0.19.8.1-18.fc30             fedora    1.0 M
 git                      x86_64   2.21.0-1.fc30                fedora    135 k
 patch                    x86_64   2.7.6-9.fc30                 fedora    123 k
 patchutils               x86_64   0.3.4-13.fc30                fedora    106 k
Installing dependencies:
 boost-filesystem         x86_64   1.69.0-8.fc30                updates    53 k
 boost-system             x86_64   1.69.0-8.fc30                updates    16 k
 boost-thread             x86_64   1.69.0-8.fc30                updates    64 k
 cmake-data               noarch   3.14.5-1.fc30                updates   1.4 M
 cmake-filesystem         x86_64   3.14.5-1.fc30                updates    16 k
 cmake-rpm-macros         noarch   3.14.5-1.fc30                updates    15 k
 cpp                      x86_64   9.1.1-1.fc30                 updates   9.7 M
 emacs-filesystem         noarch   1:26.2-1.fc30                updates   9.6 k
 kernel-headers           x86_64   5.1.20-300.fc30              updates   1.2 M
 less                     x86_64   551-1.fc30                   updates   144 k
 libedit                  x86_64   3.1-27.20190324cvs.fc30      updates    94 k
 libgomp                  x86_64   9.1.1-1.fc30                 updates   216 k
 libstdc++-devel          x86_64   9.1.1-1.fc30                 updates   2.1 M
 libuv                    x86_64   1:1.30.1-1.fc30              updates   131 k
 nss                      x86_64   3.44.1-1.fc30                updates   636 k
 nss-softokn              x86_64   3.44.1-1.fc30                updates   379 k
 nss-softokn-freebl       x86_64   3.44.1-1.fc30                updates   217 k
 nss-sysinit              x86_64   3.44.1-1.fc30                updates    20 k
 nss-util                 x86_64   3.44.1-1.fc30                updates    83 k
 openssh                  x86_64   8.0p1-5.fc30                 updates   405 k
 openssh-clients          x86_64   8.0p1-5.fc30                 updates   555 k
 perl-Errno               x86_64   1.29-436.fc30                updates    24 k
 perl-IO                  x86_64   1.39-436.fc30                updates    89 k
 perl-Storable            x86_64   1:3.15-2.fc30                updates    94 k
 perl-interpreter         x86_64   4:5.28.2-436.fc30            updates   6.4 M
 perl-libs                x86_64   4:5.28.2-436.fc30            updates   1.6 M
 perl-macros              x86_64   4:5.28.2-436.fc30            updates    20 k
 perl-podlators           noarch   1:4.12-1.fc30                updates   115 k
 perl-threads-shared      x86_64   1.59-3.fc30                  updates    42 k
 python3-rpm-generators   noarch   8-1.fc30                     updates    23 k
 subversion-libs          x86_64   1.12.0-1.fc30                updates   1.5 M
 systemtap-client         x86_64   4.1-1.fc30                   updates   3.6 M
 systemtap-devel          x86_64   4.1-1.fc30                   updates   2.3 M
 systemtap-runtime        x86_64   4.1-1.fc30                   updates   448 k
 tbb                      x86_64   2019.6-1.fc30                updates   148 k
 utf8proc                 x86_64   2.3.0-1.fc30                 updates    63 k
 apr                      x86_64   1.6.5-3.fc30                 fedora    106 k
 apr-util                 x86_64   1.6.1-10.fc30                fedora     90 k
 autoconf                 noarch   2.69-29.fc30                 fedora    698 k
 avahi-libs               x86_64   0.7-18.fc30                  fedora     59 k
 binutils                 x86_64   2.31.1-29.fc30               fedora    5.6 M
 dyninst                  x86_64   10.0.0-7.fc30                fedora    3.8 M
 efivar-libs              x86_64   37-1.fc30                    fedora     90 k
 findutils                x86_64   1:4.6.0-22.fc30              fedora    504 k
 fipscheck                x86_64   1.5.0-6.fc30                 fedora     24 k
 fipscheck-lib            x86_64   1.5.0-6.fc30                 fedora     12 k
 gc                       x86_64   7.6.4-5.fc30                 fedora     93 k
 gettext-libs             x86_64   0.19.8.1-18.fc30             fedora    275 k
 git-core                 x86_64   2.21.0-1.fc30                fedora    5.0 M
 git-core-doc             noarch   2.21.0-1.fc30                fedora    2.3 M
 glibc-devel              x86_64   2.29-9.fc30                  fedora    1.0 M
 glibc-headers            x86_64   2.29-9.fc30                  fedora    475 k
 groff-base               x86_64   1.22.3-19.fc30               fedora    938 k
 guile22                  x86_64   2.2.4-3.fc30                 fedora    6.4 M
 isl                      x86_64   0.16.1-8.fc30                fedora    796 k
 jsoncpp                  x86_64   1.8.4-6.fc30                 fedora     86 k
 libatomic_ops            x86_64   7.6.6-2.fc30                 fedora     34 k
 libcroco                 x86_64   0.6.13-1.fc30                fedora    104 k
 libmpc                   x86_64   1.1.0-3.fc30                 fedora     56 k
 libpkgconf               x86_64   1.6.1-1.fc30                 fedora     34 k
 libsecret                x86_64   0.18.8-1.fc30                fedora    152 k
 libserf                  x86_64   1.3.9-11.fc30                fedora     54 k
 libtool-ltdl             x86_64   2.4.6-29.fc30                fedora     34 k
 libxcrypt-devel          x86_64   4.4.4-2.fc30                 fedora     35 k
 m4                       x86_64   1.4.18-10.fc30               fedora    210 k
 mokutil                  x86_64   1:0.3.0-11.fc30              fedora     41 k
 nspr                     x86_64   4.21.0-1.fc30                fedora    122 k
 perl-Carp                noarch   1.50-418.fc30                fedora     29 k
 perl-Data-Dumper         x86_64   2.173-3.fc30                 fedora     54 k
 perl-Digest              noarch   1.17-418.fc30                fedora     24 k
 perl-Digest-MD5          x86_64   2.55-418.fc30                fedora     34 k
 perl-Encode              x86_64   4:3.01-10.fc30               fedora    1.5 M
 perl-Error               noarch   1:0.17027-2.fc30             fedora     42 k
 perl-Exporter            noarch   5.73-419.fc30                fedora     32 k
 perl-File-Path           noarch   2.16-2.fc30                  fedora     36 k
 perl-File-Temp           noarch   1:0.230.900-2.fc30           fedora     61 k
 perl-Getopt-Long         noarch   1:2.50-418.fc30              fedora     61 k
 perl-Git                 noarch   2.21.0-1.fc30                fedora     47 k
 perl-HTTP-Tiny           noarch   0.076-2.fc30                 fedora     55 k
 perl-MIME-Base64         x86_64   3.15-418.fc30                fedora     29 k
 perl-Net-SSLeay          x86_64   1.85-10.fc30                 fedora    324 k
 perl-PathTools           x86_64   3.75-2.fc30                  fedora     85 k
 perl-Pod-Escapes         noarch   1:1.07-418.fc30              fedora     20 k
 perl-Pod-Perldoc         noarch   3.28.01-419.fc30             fedora     84 k
 perl-Pod-Simple          noarch   1:3.35-418.fc30              fedora    211 k
 perl-Pod-Usage           noarch   4:1.69-418.fc30              fedora     32 k
 perl-Scalar-List-Utils   x86_64   3:1.50-418.fc30              fedora     63 k
 perl-Socket              x86_64   4:2.029-1.fc30               fedora     53 k
 perl-Term-ANSIColor      noarch   4.06-419.fc30                fedora     45 k
 perl-Term-Cap            noarch   1.17-418.fc30                fedora     22 k
 perl-TermReadKey         x86_64   2.38-2.fc30                  fedora     34 k
 perl-Text-ParseWords     noarch   3.30-418.fc30                fedora     16 k
 perl-Text-Tabs+Wrap      noarch   2013.0523-418.fc30           fedora     23 k
 perl-Thread-Queue        noarch   3.13-2.fc30                  fedora     21 k
 perl-Time-Local          noarch   2:1.280-4.fc30               fedora     31 k
 perl-URI                 noarch   1.76-2.fc30                  fedora    110 k
 perl-Unicode-Normalize   x86_64   1.26-418.fc30                fedora     80 k
 perl-constant            noarch   1.33-419.fc30                fedora     23 k
 perl-libnet              noarch   3.11-419.fc30                fedora    119 k
 perl-parent              noarch   1:0.237-3.fc30               fedora     14 k
 perl-threads             x86_64   1:2.22-418.fc30              fedora     56 k
 pkgconf                  x86_64   1.6.1-1.fc30                 fedora     38 k
 pkgconf-m4               noarch   1.6.1-1.fc30                 fedora     15 k
 pkgconf-pkg-config       x86_64   1.6.1-1.fc30                 fedora     11 k
 python-rpm-macros        noarch   3-42.fc30                    fedora     11 k
 python-srpm-macros       noarch   3-42.fc30                    fedora     11 k
 python3-rpm-macros       noarch   3-42.fc30                    fedora     10 k
 rhash                    x86_64   1.3.8-1.fc30                 fedora    168 k
 unzip                    x86_64   6.0-43.fc30                  fedora    175 k
 xapian-core-libs         x86_64   1.4.10-1.fc30                fedora    737 k
 zip                      x86_64   3.0-24.fc30                  fedora    264 k
Installing weak dependencies:
 apr-util-bdb             x86_64   1.6.1-10.fc30                fedora     12 k
 apr-util-openssl         x86_64   1.6.1-10.fc30                fedora     14 k
 perl-IO-Socket-IP        noarch   0.39-419.fc30                fedora     42 k
 perl-IO-Socket-SSL       noarch   2.066-1.fc30                 fedora    245 k
 perl-Mozilla-CA          noarch   20180117-4.fc30              fedora     12 k
Installing Groups:
 Development Tools                                                             

Transaction Summary
================================================================================
Install  131 Packages
Upgrade    4 Packages

Total download size: 141 M
Downloading Packages:
(1/135): boost-system-1.69.0-8.fc30.x86_64.rpm  102 kB/s |  16 kB     00:00    
(2/135): boost-filesystem-1.69.0-8.fc30.x86_64. 165 kB/s |  53 kB     00:00    
(3/135): boost-thread-1.69.0-8.fc30.x86_64.rpm  309 kB/s |  64 kB     00:00    
(4/135): automake-1.16.1-12.fc30.noarch.rpm     910 kB/s | 695 kB     00:00    
(5/135): cmake-filesystem-3.14.5-1.fc30.x86_64. 245 kB/s |  16 kB     00:00    
(6/135): cmake-rpm-macros-3.14.5-1.fc30.noarch. 131 kB/s |  15 kB     00:00    
(7/135): cmake-data-3.14.5-1.fc30.noarch.rpm    1.4 MB/s | 1.4 MB     00:01    
(8/135): emacs-filesystem-26.2-1.fc30.noarch.rp 251 kB/s | 9.6 kB     00:00    
(9/135): cmake-3.14.5-1.fc30.x86_64.rpm         2.4 MB/s | 8.4 MB     00:03    
(10/135): cpp-9.1.1-1.fc30.x86_64.rpm           2.6 MB/s | 9.7 MB     00:03    
(11/135): gcc-c++-9.1.1-1.fc30.x86_64.rpm       2.7 MB/s |  12 MB     00:04    
(12/135): kernel-headers-5.1.20-300.fc30.x86_64 2.9 MB/s | 1.2 MB     00:00    
(13/135): less-551-1.fc30.x86_64.rpm            1.3 MB/s | 144 kB     00:00    
(14/135): libedit-3.1-27.20190324cvs.fc30.x86_6 1.3 MB/s |  94 kB     00:00    
(15/135): libgomp-9.1.1-1.fc30.x86_64.rpm       1.6 MB/s | 216 kB     00:00    
(16/135): gcc-9.1.1-1.fc30.x86_64.rpm           2.7 MB/s |  23 MB     00:08    
(17/135): kernel-devel-5.1.20-300.fc30.x86_64.r 2.6 MB/s |  13 MB     00:05    
(18/135): libstdc++-devel-9.1.1-1.fc30.x86_64.r 2.1 MB/s | 2.1 MB     00:01    
(19/135): libuv-1.30.1-1.fc30.x86_64.rpm        968 kB/s | 131 kB     00:00    
(20/135): nss-3.44.1-1.fc30.x86_64.rpm          3.7 MB/s | 636 kB     00:00    
(21/135): nss-softokn-freebl-3.44.1-1.fc30.x86_ 1.9 MB/s | 217 kB     00:00    
(22/135): nss-sysinit-3.44.1-1.fc30.x86_64.rpm  443 kB/s |  20 kB     00:00    
(23/135): nss-util-3.44.1-1.fc30.x86_64.rpm     2.3 MB/s |  83 kB     00:00    
(24/135): nss-softokn-3.44.1-1.fc30.x86_64.rpm  1.4 MB/s | 379 kB     00:00    
(25/135): perl-Errno-1.29-436.fc30.x86_64.rpm   417 kB/s |  24 kB     00:00    
(26/135): openssh-clients-8.0p1-5.fc30.x86_64.r 3.8 MB/s | 555 kB     00:00    
(27/135): openssh-8.0p1-5.fc30.x86_64.rpm       2.0 MB/s | 405 kB     00:00    
(28/135): perl-Storable-3.15-2.fc30.x86_64.rpm  1.9 MB/s |  94 kB     00:00    
(29/135): perl-IO-1.39-436.fc30.x86_64.rpm      979 kB/s |  89 kB     00:00    
(30/135): perl-macros-5.28.2-436.fc30.x86_64.rp 257 kB/s |  20 kB     00:00    
(31/135): perl-podlators-4.12-1.fc30.noarch.rpm 874 kB/s | 115 kB     00:00    
(32/135): perl-threads-shared-1.59-3.fc30.x86_6 979 kB/s |  42 kB     00:00    
(33/135): python3-devel-3.7.4-1.fc30.x86_64.rpm 1.3 MB/s | 211 kB     00:00    
(34/135): python3-rpm-generators-8-1.fc30.noarc 317 kB/s |  23 kB     00:00    
(35/135): perl-libs-5.28.2-436.fc30.x86_64.rpm  3.2 MB/s | 1.6 MB     00:00    
(36/135): subversion-1.12.0-1.fc30.x86_64.rpm   885 kB/s | 1.1 MB     00:01    
(37/135): systemtap-4.1-1.fc30.x86_64.rpm       123 kB/s | 7.2 kB     00:00    
(38/135): subversion-libs-1.12.0-1.fc30.x86_64. 1.2 MB/s | 1.5 MB     00:01    
(39/135): systemtap-devel-4.1-1.fc30.x86_64.rpm 1.7 MB/s | 2.3 MB     00:01    
(40/135): perl-interpreter-5.28.2-436.fc30.x86_ 1.9 MB/s | 6.4 MB     00:03    
(41/135): tbb-2019.6-1.fc30.x86_64.rpm          1.2 MB/s | 148 kB     00:00    
(42/135): systemtap-runtime-4.1-1.fc30.x86_64.r 1.5 MB/s | 448 kB     00:00    
(43/135): utf8proc-2.3.0-1.fc30.x86_64.rpm      974 kB/s |  63 kB     00:00    
(44/135): systemtap-client-4.1-1.fc30.x86_64.rp 2.1 MB/s | 3.6 MB     00:01    
(45/135): apr-util-1.6.1-10.fc30.x86_64.rpm     752 kB/s |  90 kB     00:00    
(46/135): apr-1.6.5-3.fc30.x86_64.rpm           868 kB/s | 106 kB     00:00    
(47/135): apr-util-bdb-1.6.1-10.fc30.x86_64.rpm 203 kB/s |  12 kB     00:00    
(48/135): apr-util-openssl-1.6.1-10.fc30.x86_64 1.2 MB/s |  14 kB     00:00    
(49/135): avahi-libs-0.7-18.fc30.x86_64.rpm     939 kB/s |  59 kB     00:00    
(50/135): diffstat-1.62-2.fc30.x86_64.rpm       955 kB/s |  38 kB     00:00    
(51/135): autoconf-2.69-29.fc30.noarch.rpm      2.0 MB/s | 698 kB     00:00    
(52/135): doxygen-1.8.15-6.fc30.x86_64.rpm      3.4 MB/s | 4.3 MB     00:01    
(53/135): efivar-libs-37-1.fc30.x86_64.rpm      2.0 MB/s |  90 kB     00:00    
(54/135): findutils-4.6.0-22.fc30.x86_64.rpm    3.2 MB/s | 504 kB     00:00    
(55/135): binutils-2.31.1-29.fc30.x86_64.rpm    3.5 MB/s | 5.6 MB     00:01    
(56/135): fipscheck-1.5.0-6.fc30.x86_64.rpm     455 kB/s |  24 kB     00:00    
(57/135): fipscheck-lib-1.5.0-6.fc30.x86_64.rpm 626 kB/s |  12 kB     00:00    
(58/135): gc-7.6.4-5.fc30.x86_64.rpm            1.1 MB/s |  93 kB     00:00    
(59/135): gettext-libs-0.19.8.1-18.fc30.x86_64. 1.8 MB/s | 275 kB     00:00    
(60/135): git-2.21.0-1.fc30.x86_64.rpm          2.5 MB/s | 135 kB     00:00    
(61/135): gettext-0.19.8.1-18.fc30.x86_64.rpm   3.4 MB/s | 1.0 MB     00:00    
(62/135): dyninst-10.0.0-7.fc30.x86_64.rpm      1.9 MB/s | 3.8 MB     00:01    
(63/135): git-core-doc-2.21.0-1.fc30.noarch.rpm 3.1 MB/s | 2.3 MB     00:00    
(64/135): glibc-headers-2.29-9.fc30.x86_64.rpm  2.8 MB/s | 475 kB     00:00    
(65/135): glibc-devel-2.29-9.fc30.x86_64.rpm    1.6 MB/s | 1.0 MB     00:00    
(66/135): groff-base-1.22.3-19.fc30.x86_64.rpm  2.8 MB/s | 938 kB     00:00    
(67/135): git-core-2.21.0-1.fc30.x86_64.rpm     3.4 MB/s | 5.0 MB     00:01    
(68/135): isl-0.16.1-8.fc30.x86_64.rpm          3.1 MB/s | 796 kB     00:00    
(69/135): jsoncpp-1.8.4-6.fc30.x86_64.rpm       1.4 MB/s |  86 kB     00:00    
(70/135): libatomic_ops-7.6.6-2.fc30.x86_64.rpm 1.1 MB/s |  34 kB     00:00    
(71/135): libcroco-0.6.13-1.fc30.x86_64.rpm     2.3 MB/s | 104 kB     00:00    
(72/135): libmpc-1.1.0-3.fc30.x86_64.rpm        1.4 MB/s |  56 kB     00:00    
(73/135): libpkgconf-1.6.1-1.fc30.x86_64.rpm    1.0 MB/s |  34 kB     00:00    
(74/135): libserf-1.3.9-11.fc30.x86_64.rpm      1.2 MB/s |  54 kB     00:00    
(75/135): libsecret-0.18.8-1.fc30.x86_64.rpm    2.2 MB/s | 152 kB     00:00    
(76/135): libtool-ltdl-2.4.6-29.fc30.x86_64.rpm 1.3 MB/s |  34 kB     00:00    
(77/135): libxcrypt-devel-4.4.4-2.fc30.x86_64.r 1.1 MB/s |  35 kB     00:00    
(78/135): m4-1.4.18-10.fc30.x86_64.rpm          3.4 MB/s | 210 kB     00:00    
(79/135): mokutil-0.3.0-11.fc30.x86_64.rpm      718 kB/s |  41 kB     00:00    
(80/135): nspr-4.21.0-1.fc30.x86_64.rpm         2.1 MB/s | 122 kB     00:00    
(81/135): make-4.2.1-13.fc30.x86_64.rpm         2.8 MB/s | 482 kB     00:00    
(82/135): patch-2.7.6-9.fc30.x86_64.rpm         3.0 MB/s | 123 kB     00:00    
(83/135): patchutils-0.3.4-13.fc30.x86_64.rpm   1.8 MB/s | 106 kB     00:00    
(84/135): perl-Carp-1.50-418.fc30.noarch.rpm    894 kB/s |  29 kB     00:00    
(85/135): perl-Data-Dumper-2.173-3.fc30.x86_64. 2.0 MB/s |  54 kB     00:00    
(86/135): perl-Digest-1.17-418.fc30.noarch.rpm  961 kB/s |  24 kB     00:00    
(87/135): perl-Digest-MD5-2.55-418.fc30.x86_64. 653 kB/s |  34 kB     00:00    
(88/135): perl-Error-0.17027-2.fc30.noarch.rpm  1.0 MB/s |  42 kB     00:00    
(89/135): perl-Exporter-5.73-419.fc30.noarch.rp 852 kB/s |  32 kB     00:00    
(90/135): perl-File-Path-2.16-2.fc30.noarch.rpm 707 kB/s |  36 kB     00:00    
(91/135): perl-File-Temp-0.230.900-2.fc30.noarc 1.0 MB/s |  61 kB     00:00    
(92/135): perl-Getopt-Long-2.50-418.fc30.noarch 1.1 MB/s |  61 kB     00:00    
(93/135): perl-Git-2.21.0-1.fc30.noarch.rpm     1.1 MB/s |  47 kB     00:00    
(94/135): perl-Encode-3.01-10.fc30.x86_64.rpm   3.9 MB/s | 1.5 MB     00:00    
(95/135): perl-HTTP-Tiny-0.076-2.fc30.noarch.rp 1.4 MB/s |  55 kB     00:00    
(96/135): perl-IO-Socket-IP-0.39-419.fc30.noarc 869 kB/s |  42 kB     00:00    
(97/135): perl-IO-Socket-SSL-2.066-1.fc30.noarc 3.5 MB/s | 245 kB     00:00    
(98/135): perl-MIME-Base64-3.15-418.fc30.x86_64 771 kB/s |  29 kB     00:00    
(99/135): perl-Mozilla-CA-20180117-4.fc30.noarc 534 kB/s |  12 kB     00:00    
(100/135): perl-PathTools-3.75-2.fc30.x86_64.rp 1.4 MB/s |  85 kB     00:00    
(101/135): perl-Net-SSLeay-1.85-10.fc30.x86_64. 3.1 MB/s | 324 kB     00:00    
(102/135): perl-Pod-Escapes-1.07-418.fc30.noarc 541 kB/s |  20 kB     00:00    
(103/135): perl-Pod-Perldoc-3.28.01-419.fc30.no 2.8 MB/s |  84 kB     00:00    
(104/135): perl-Pod-Usage-1.69-418.fc30.noarch. 863 kB/s |  32 kB     00:00    
(105/135): perl-Pod-Simple-3.35-418.fc30.noarch 2.8 MB/s | 211 kB     00:00    
(106/135): perl-Socket-2.029-1.fc30.x86_64.rpm  2.0 MB/s |  53 kB     00:00    
(107/135): perl-Scalar-List-Utils-1.50-418.fc30 1.5 MB/s |  63 kB     00:00    
(108/135): perl-Term-ANSIColor-4.06-419.fc30.no 1.6 MB/s |  45 kB     00:00    
(109/135): perl-Term-Cap-1.17-418.fc30.noarch.r 650 kB/s |  22 kB     00:00    
(110/135): perl-TermReadKey-2.38-2.fc30.x86_64. 1.4 MB/s |  34 kB     00:00    
(111/135): perl-Text-ParseWords-3.30-418.fc30.n 509 kB/s |  16 kB     00:00    
(112/135): perl-Text-Tabs+Wrap-2013.0523-418.fc 959 kB/s |  23 kB     00:00    
(113/135): perl-Thread-Queue-3.13-2.fc30.noarch 925 kB/s |  21 kB     00:00    
(114/135): perl-Time-Local-1.280-4.fc30.noarch. 1.3 MB/s |  31 kB     00:00    
(115/135): perl-URI-1.76-2.fc30.noarch.rpm      3.3 MB/s | 110 kB     00:00    
(116/135): perl-Unicode-Normalize-1.26-418.fc30 1.9 MB/s |  80 kB     00:00    
(117/135): guile22-2.2.4-3.fc30.x86_64.rpm      3.7 MB/s | 6.4 MB     00:01    
(118/135): perl-constant-1.33-419.fc30.noarch.r 526 kB/s |  23 kB     00:00    
(119/135): perl-libnet-3.11-419.fc30.noarch.rpm 3.6 MB/s | 119 kB     00:00    
(120/135): perl-parent-0.237-3.fc30.noarch.rpm  1.2 MB/s |  14 kB     00:00    
(121/135): pkgconf-1.6.1-1.fc30.x86_64.rpm      2.4 MB/s |  38 kB     00:00    
(122/135): perl-threads-2.22-418.fc30.x86_64.rp 2.2 MB/s |  56 kB     00:00    
(123/135): pkgconf-m4-1.6.1-1.fc30.noarch.rpm   738 kB/s |  15 kB     00:00    
(124/135): pkgconf-pkg-config-1.6.1-1.fc30.x86_ 799 kB/s |  11 kB     00:00    
(125/135): python-rpm-macros-3-42.fc30.noarch.r 1.0 MB/s |  11 kB     00:00    
(126/135): python-srpm-macros-3-42.fc30.noarch. 1.0 MB/s |  11 kB     00:00    
(127/135): python3-rpm-macros-3-42.fc30.noarch. 909 kB/s |  10 kB     00:00    
(128/135): rhash-1.3.8-1.fc30.x86_64.rpm        4.9 MB/s | 168 kB     00:00    
(129/135): unzip-6.0-43.fc30.x86_64.rpm         1.7 MB/s | 175 kB     00:00    
(130/135): zip-3.0-24.fc30.x86_64.rpm           2.9 MB/s | 264 kB     00:00    
(131/135): xapian-core-libs-1.4.10-1.fc30.x86_6 4.3 MB/s | 737 kB     00:00    
(132/135): python3-3.7.4-1.fc30.x86_64.rpm      463 kB/s |  36 kB     00:00    
(133/135): libgcc-9.1.1-1.fc30.x86_64.rpm       370 kB/s |  87 kB     00:00    
(134/135): libstdc++-9.1.1-1.fc30.x86_64.rpm    2.2 MB/s | 576 kB     00:00    
(135/135): python3-libs-3.7.4-1.fc30.x86_64.rpm 4.9 MB/s | 7.7 MB     00:01    
--------------------------------------------------------------------------------
Total                                           6.5 MB/s | 141 MB     00:21     
Running transaction check
Transaction check succeeded.
Running transaction test
Transaction test succeeded.
Running transaction
  Preparing        :                                                        1/1 
  Installing       : perl-Carp-1.50-418.fc30.noarch                       1/139 
  Installing       : perl-Exporter-5.73-419.fc30.noarch                   2/139 
  Installing       : perl-libs-4:5.28.2-436.fc30.x86_64                   3/139 
  Upgrading        : libgcc-9.1.1-1.fc30.x86_64                           4/139 
  Running scriptlet: libgcc-9.1.1-1.fc30.x86_64                           4/139 
  Upgrading        : libstdc++-9.1.1-1.fc30.x86_64                        5/139 
  Installing       : perl-Scalar-List-Utils-3:1.50-418.fc30.x86_64        6/139 
  Installing       : nspr-4.21.0-1.fc30.x86_64                            7/139 
  Installing       : perl-parent-1:0.237-3.fc30.noarch                    8/139 
  Upgrading        : python3-libs-3.7.4-1.fc30.x86_64                     9/139 
  Upgrading        : python3-3.7.4-1.fc30.x86_64                         10/139 
  Installing       : nss-util-3.44.1-1.fc30.x86_64                       11/139 
  Installing       : apr-1.6.5-3.fc30.x86_64                             12/139 
  Installing       : apr-util-bdb-1.6.1-10.fc30.x86_64                   13/139 
  Installing       : apr-util-openssl-1.6.1-10.fc30.x86_64               14/139 
  Installing       : apr-util-1.6.1-10.fc30.x86_64                       15/139 
  Installing       : perl-Text-ParseWords-3.30-418.fc30.noarch           16/139 
  Installing       : libmpc-1.1.0-3.fc30.x86_64                          17/139 
  Installing       : libgomp-9.1.1-1.fc30.x86_64                         18/139 
  Installing       : emacs-filesystem-1:26.2-1.fc30.noarch               19/139 
  Installing       : boost-system-1.69.0-8.fc30.x86_64                   20/139 
  Installing       : cmake-rpm-macros-3.14.5-1.fc30.noarch               21/139 
  Installing       : unzip-6.0-43.fc30.x86_64                            22/139 
  Installing       : python-srpm-macros-3-42.fc30.noarch                 23/139 
  Installing       : avahi-libs-0.7-18.fc30.x86_64                       24/139 
  Installing       : cmake-filesystem-3.14.5-1.fc30.x86_64               25/139 
  Installing       : python-rpm-macros-3-42.fc30.noarch                  26/139 
  Installing       : python3-rpm-macros-3-42.fc30.noarch                 27/139 
  Installing       : zip-3.0-24.fc30.x86_64                              28/139 
  Installing       : boost-filesystem-1.69.0-8.fc30.x86_64               29/139 
  Installing       : boost-thread-1.69.0-8.fc30.x86_64                   30/139 
  Installing       : cpp-9.1.1-1.fc30.x86_64                             31/139 
  Installing       : libserf-1.3.9-11.fc30.x86_64                        32/139 
  Installing       : nss-softokn-freebl-3.44.1-1.fc30.x86_64             33/139 
  Installing       : nss-softokn-3.44.1-1.fc30.x86_64                    34/139 
  Installing       : nss-sysinit-3.44.1-1.fc30.x86_64                    35/139 
  Installing       : nss-3.44.1-1.fc30.x86_64                            36/139 
  Running scriptlet: nss-3.44.1-1.fc30.x86_64                            36/139 
  Installing       : python3-rpm-generators-8-1.fc30.noarch              37/139 
  Installing       : libstdc++-devel-9.1.1-1.fc30.x86_64                 38/139 
  Installing       : tbb-2019.6-1.fc30.x86_64                            39/139 
  Installing       : dyninst-10.0.0-7.fc30.x86_64                        40/139 
  Running scriptlet: dyninst-10.0.0-7.fc30.x86_64                        40/139 
  Running scriptlet: systemtap-runtime-4.1-1.fc30.x86_64                 41/139 
  Installing       : systemtap-runtime-4.1-1.fc30.x86_64                 41/139 
  Installing       : binutils-2.31.1-29.fc30.x86_64                      42/139 
  Running scriptlet: binutils-2.31.1-29.fc30.x86_64                      42/139 
  Installing       : groff-base-1.22.3-19.fc30.x86_64                    43/139 
  Installing       : jsoncpp-1.8.4-6.fc30.x86_64                         44/139 
  Installing       : xapian-core-libs-1.4.10-1.fc30.x86_64               45/139 
  Installing       : perl-macros-4:5.28.2-436.fc30.x86_64                46/139 
  Installing       : perl-Term-ANSIColor-4.06-419.fc30.noarch            47/139 
  Installing       : perl-Unicode-Normalize-1.26-418.fc30.x86_64         48/139 
  Installing       : perl-IO-1.39-436.fc30.x86_64                        49/139 
  Installing       : perl-Socket-4:2.029-1.fc30.x86_64                   50/139 
  Installing       : perl-Text-Tabs+Wrap-2013.0523-418.fc30.noarch       51/139 
  Installing       : perl-constant-1.33-419.fc30.noarch                  52/139 
  Installing       : perl-threads-shared-1.59-3.fc30.x86_64              53/139 
  Installing       : perl-threads-1:2.22-418.fc30.x86_64                 54/139 
  Installing       : perl-interpreter-4:5.28.2-436.fc30.x86_64           55/139 
  Installing       : perl-Errno-1.29-436.fc30.x86_64                     56/139 
  Installing       : perl-PathTools-3.75-2.fc30.x86_64                   57/139 
  Installing       : perl-File-Path-2.16-2.fc30.noarch                   58/139 
  Installing       : perl-MIME-Base64-3.15-418.fc30.x86_64               59/139 
  Installing       : perl-IO-Socket-IP-0.39-419.fc30.noarch              60/139 
  Installing       : perl-Time-Local-2:1.280-4.fc30.noarch               61/139 
  Installing       : perl-File-Temp-1:0.230.900-2.fc30.noarch            62/139 
  Installing       : perl-Data-Dumper-2.173-3.fc30.x86_64                63/139 
  Installing       : perl-Digest-1.17-418.fc30.noarch                    64/139 
  Installing       : perl-Digest-MD5-2.55-418.fc30.x86_64                65/139 
  Installing       : perl-Net-SSLeay-1.85-10.fc30.x86_64                 66/139 
  Installing       : perl-Mozilla-CA-20180117-4.fc30.noarch              67/139 
  Installing       : perl-Storable-1:3.15-2.fc30.x86_64                  68/139 
  Installing       : perl-Error-1:0.17027-2.fc30.noarch                  69/139 
  Installing       : perl-Pod-Escapes-1:1.07-418.fc30.noarch             70/139 
  Installing       : perl-Term-Cap-1.17-418.fc30.noarch                  71/139 
  Installing       : perl-Encode-4:3.01-10.fc30.x86_64                   72/139 
  Installing       : perl-podlators-1:4.12-1.fc30.noarch                 73/139 
  Installing       : perl-Pod-Simple-1:3.35-418.fc30.noarch              74/139 
  Installing       : perl-Getopt-Long-1:2.50-418.fc30.noarch             75/139 
  Installing       : perl-Pod-Usage-4:1.69-418.fc30.noarch               76/139 
  Installing       : perl-Pod-Perldoc-3.28.01-419.fc30.noarch            77/139 
  Installing       : perl-HTTP-Tiny-0.076-2.fc30.noarch                  78/139 
  Installing       : perl-IO-Socket-SSL-2.066-1.fc30.noarch              79/139 
  Installing       : perl-libnet-3.11-419.fc30.noarch                    80/139 
  Installing       : perl-URI-1.76-2.fc30.noarch                         81/139 
  Installing       : perl-TermReadKey-2.38-2.fc30.x86_64                 82/139 
  Installing       : perl-Thread-Queue-3.13-2.fc30.noarch                83/139 
  Installing       : fipscheck-lib-1.5.0-6.fc30.x86_64                   84/139 
  Installing       : fipscheck-1.5.0-6.fc30.x86_64                       85/139 
  Running scriptlet: openssh-8.0p1-5.fc30.x86_64                         86/139 
  Installing       : openssh-8.0p1-5.fc30.x86_64                         86/139 
  Installing       : rhash-1.3.8-1.fc30.x86_64                           87/139 
  Installing       : pkgconf-m4-1.6.1-1.fc30.noarch                      88/139 
  Installing       : patch-2.7.6-9.fc30.x86_64                           89/139 
  Installing       : m4-1.4.18-10.fc30.x86_64                            90/139 
  Installing       : autoconf-2.69-29.fc30.noarch                        91/139 
  Installing       : libtool-ltdl-2.4.6-29.fc30.x86_64                   92/139 
  Installing       : libsecret-0.18.8-1.fc30.x86_64                      93/139 
  Installing       : libpkgconf-1.6.1-1.fc30.x86_64                      94/139 
  Installing       : pkgconf-1.6.1-1.fc30.x86_64                         95/139 
  Installing       : pkgconf-pkg-config-1.6.1-1.fc30.x86_64              96/139 
  Installing       : libcroco-0.6.13-1.fc30.x86_64                       97/139 
  Installing       : gettext-libs-0.19.8.1-18.fc30.x86_64                98/139 
  Installing       : libatomic_ops-7.6.6-2.fc30.x86_64                   99/139 
  Installing       : gc-7.6.4-5.fc30.x86_64                             100/139 
  Installing       : guile22-2.2.4-3.fc30.x86_64                        101/139 
  Running scriptlet: guile22-2.2.4-3.fc30.x86_64                        101/139 
  Installing       : make-1:4.2.1-13.fc30.x86_64                        102/139 
  Installing       : isl-0.16.1-8.fc30.x86_64                           103/139 
  Installing       : findutils-1:4.6.0-22.fc30.x86_64                   104/139 
  Installing       : kernel-devel-5.1.20-300.fc30.x86_64                105/139 
  Running scriptlet: kernel-devel-5.1.20-300.fc30.x86_64                105/139 
  Installing       : efivar-libs-37-1.fc30.x86_64                       106/139 
  Running scriptlet: efivar-libs-37-1.fc30.x86_64                       106/139 
  Installing       : mokutil-1:0.3.0-11.fc30.x86_64                     107/139 
  Installing       : utf8proc-2.3.0-1.fc30.x86_64                       108/139 
  Installing       : subversion-libs-1.12.0-1.fc30.x86_64               109/139 
  Installing       : libuv-1:1.30.1-1.fc30.x86_64                       110/139 
  Installing       : cmake-data-3.14.5-1.fc30.noarch                    111/139 
  Installing       : cmake-3.14.5-1.fc30.x86_64                         112/139 
  Installing       : libedit-3.1-27.20190324cvs.fc30.x86_64             113/139 
  Installing       : openssh-clients-8.0p1-5.fc30.x86_64                114/139 
  Installing       : systemtap-client-4.1-1.fc30.x86_64                 115/139 
  Installing       : less-551-1.fc30.x86_64                             116/139 
  Installing       : git-core-2.21.0-1.fc30.x86_64                      117/139 
  Installing       : git-core-doc-2.21.0-1.fc30.noarch                  118/139 
  Installing       : perl-Git-2.21.0-1.fc30.noarch                      119/139 
  Installing       : git-2.21.0-1.fc30.x86_64                           120/139 
  Installing       : kernel-headers-5.1.20-300.fc30.x86_64              121/139 
  Running scriptlet: glibc-headers-2.29-9.fc30.x86_64                   122/139 
  Installing       : glibc-headers-2.29-9.fc30.x86_64                   122/139 
  Installing       : libxcrypt-devel-4.4.4-2.fc30.x86_64                123/139 
  Installing       : glibc-devel-2.29-9.fc30.x86_64                     124/139 
  Installing       : gcc-9.1.1-1.fc30.x86_64                            125/139 
  Installing       : systemtap-devel-4.1-1.fc30.x86_64                  126/139 
  Installing       : systemtap-4.1-1.fc30.x86_64                        127/139 
  Running scriptlet: systemtap-4.1-1.fc30.x86_64                        127/139 
  Installing       : gcc-c++-9.1.1-1.fc30.x86_64                        128/139 
  Installing       : subversion-1.12.0-1.fc30.x86_64                    129/139 
  Running scriptlet: subversion-1.12.0-1.fc30.x86_64                    129/139 
  Installing       : gettext-0.19.8.1-18.fc30.x86_64                    130/139 
  Installing       : python3-devel-3.7.4-1.fc30.x86_64                  131/139 
  Installing       : automake-1.16.1-12.fc30.noarch                     132/139 
  Installing       : patchutils-0.3.4-13.fc30.x86_64                    133/139 
  Installing       : doxygen-1:1.8.15-6.fc30.x86_64                     134/139 
  Installing       : diffstat-1.62-2.fc30.x86_64                        135/139 
  Cleanup          : libstdc++-9.0.1-0.10.fc30.x86_64                   136/139 
  Cleanup          : python3-3.7.3-1.fc30.x86_64                        137/139 
  Cleanup          : python3-libs-3.7.3-1.fc30.x86_64                   138/139 
  Cleanup          : libgcc-9.0.1-0.10.fc30.x86_64                      139/139 
  Running scriptlet: libgcc-9.0.1-0.10.fc30.x86_64                      139/139 
  Verifying        : automake-1.16.1-12.fc30.noarch                       1/139 
  Verifying        : boost-filesystem-1.69.0-8.fc30.x86_64                2/139 
  Verifying        : boost-system-1.69.0-8.fc30.x86_64                    3/139 
  Verifying        : boost-thread-1.69.0-8.fc30.x86_64                    4/139 
  Verifying        : cmake-3.14.5-1.fc30.x86_64                           5/139 
  Verifying        : cmake-data-3.14.5-1.fc30.noarch                      6/139 
  Verifying        : cmake-filesystem-3.14.5-1.fc30.x86_64                7/139 
  Verifying        : cmake-rpm-macros-3.14.5-1.fc30.noarch                8/139 
  Verifying        : cpp-9.1.1-1.fc30.x86_64                              9/139 
  Verifying        : emacs-filesystem-1:26.2-1.fc30.noarch               10/139 
  Verifying        : gcc-9.1.1-1.fc30.x86_64                             11/139 
  Verifying        : gcc-c++-9.1.1-1.fc30.x86_64                         12/139 
  Verifying        : kernel-devel-5.1.20-300.fc30.x86_64                 13/139 
  Verifying        : kernel-headers-5.1.20-300.fc30.x86_64               14/139 
  Verifying        : less-551-1.fc30.x86_64                              15/139 
  Verifying        : libedit-3.1-27.20190324cvs.fc30.x86_64              16/139 
  Verifying        : libgomp-9.1.1-1.fc30.x86_64                         17/139 
  Verifying        : libstdc++-devel-9.1.1-1.fc30.x86_64                 18/139 
  Verifying        : libuv-1:1.30.1-1.fc30.x86_64                        19/139 
  Verifying        : nss-3.44.1-1.fc30.x86_64                            20/139 
  Verifying        : nss-softokn-3.44.1-1.fc30.x86_64                    21/139 
  Verifying        : nss-softokn-freebl-3.44.1-1.fc30.x86_64             22/139 
  Verifying        : nss-sysinit-3.44.1-1.fc30.x86_64                    23/139 
  Verifying        : nss-util-3.44.1-1.fc30.x86_64                       24/139 
  Verifying        : openssh-8.0p1-5.fc30.x86_64                         25/139 
  Verifying        : openssh-clients-8.0p1-5.fc30.x86_64                 26/139 
  Verifying        : perl-Errno-1.29-436.fc30.x86_64                     27/139 
  Verifying        : perl-IO-1.39-436.fc30.x86_64                        28/139 
  Verifying        : perl-Storable-1:3.15-2.fc30.x86_64                  29/139 
  Verifying        : perl-interpreter-4:5.28.2-436.fc30.x86_64           30/139 
  Verifying        : perl-libs-4:5.28.2-436.fc30.x86_64                  31/139 
  Verifying        : perl-macros-4:5.28.2-436.fc30.x86_64                32/139 
  Verifying        : perl-podlators-1:4.12-1.fc30.noarch                 33/139 
  Verifying        : perl-threads-shared-1.59-3.fc30.x86_64              34/139 
  Verifying        : python3-devel-3.7.4-1.fc30.x86_64                   35/139 
  Verifying        : python3-rpm-generators-8-1.fc30.noarch              36/139 
  Verifying        : subversion-1.12.0-1.fc30.x86_64                     37/139 
  Verifying        : subversion-libs-1.12.0-1.fc30.x86_64                38/139 
  Verifying        : systemtap-4.1-1.fc30.x86_64                         39/139 
  Verifying        : systemtap-client-4.1-1.fc30.x86_64                  40/139 
  Verifying        : systemtap-devel-4.1-1.fc30.x86_64                   41/139 
  Verifying        : systemtap-runtime-4.1-1.fc30.x86_64                 42/139 
  Verifying        : tbb-2019.6-1.fc30.x86_64                            43/139 
  Verifying        : utf8proc-2.3.0-1.fc30.x86_64                        44/139 
  Verifying        : apr-1.6.5-3.fc30.x86_64                             45/139 
  Verifying        : apr-util-1.6.1-10.fc30.x86_64                       46/139 
  Verifying        : apr-util-bdb-1.6.1-10.fc30.x86_64                   47/139 
  Verifying        : apr-util-openssl-1.6.1-10.fc30.x86_64               48/139 
  Verifying        : autoconf-2.69-29.fc30.noarch                        49/139 
  Verifying        : avahi-libs-0.7-18.fc30.x86_64                       50/139 
  Verifying        : binutils-2.31.1-29.fc30.x86_64                      51/139 
  Verifying        : diffstat-1.62-2.fc30.x86_64                         52/139 
  Verifying        : doxygen-1:1.8.15-6.fc30.x86_64                      53/139 
  Verifying        : dyninst-10.0.0-7.fc30.x86_64                        54/139 
  Verifying        : efivar-libs-37-1.fc30.x86_64                        55/139 
  Verifying        : findutils-1:4.6.0-22.fc30.x86_64                    56/139 
  Verifying        : fipscheck-1.5.0-6.fc30.x86_64                       57/139 
  Verifying        : fipscheck-lib-1.5.0-6.fc30.x86_64                   58/139 
  Verifying        : gc-7.6.4-5.fc30.x86_64                              59/139 
  Verifying        : gettext-0.19.8.1-18.fc30.x86_64                     60/139 
  Verifying        : gettext-libs-0.19.8.1-18.fc30.x86_64                61/139 
  Verifying        : git-2.21.0-1.fc30.x86_64                            62/139 
  Verifying        : git-core-2.21.0-1.fc30.x86_64                       63/139 
  Verifying        : git-core-doc-2.21.0-1.fc30.noarch                   64/139 
  Verifying        : glibc-devel-2.29-9.fc30.x86_64                      65/139 
  Verifying        : glibc-headers-2.29-9.fc30.x86_64                    66/139 
  Verifying        : groff-base-1.22.3-19.fc30.x86_64                    67/139 
  Verifying        : guile22-2.2.4-3.fc30.x86_64                         68/139 
  Verifying        : isl-0.16.1-8.fc30.x86_64                            69/139 
  Verifying        : jsoncpp-1.8.4-6.fc30.x86_64                         70/139 
  Verifying        : libatomic_ops-7.6.6-2.fc30.x86_64                   71/139 
  Verifying        : libcroco-0.6.13-1.fc30.x86_64                       72/139 
  Verifying        : libmpc-1.1.0-3.fc30.x86_64                          73/139 
  Verifying        : libpkgconf-1.6.1-1.fc30.x86_64                      74/139 
  Verifying        : libsecret-0.18.8-1.fc30.x86_64                      75/139 
  Verifying        : libserf-1.3.9-11.fc30.x86_64                        76/139 
  Verifying        : libtool-ltdl-2.4.6-29.fc30.x86_64                   77/139 
  Verifying        : libxcrypt-devel-4.4.4-2.fc30.x86_64                 78/139 
  Verifying        : m4-1.4.18-10.fc30.x86_64                            79/139 
  Verifying        : make-1:4.2.1-13.fc30.x86_64                         80/139 
  Verifying        : mokutil-1:0.3.0-11.fc30.x86_64                      81/139 
  Verifying        : nspr-4.21.0-1.fc30.x86_64                           82/139 
  Verifying        : patch-2.7.6-9.fc30.x86_64                           83/139 
  Verifying        : patchutils-0.3.4-13.fc30.x86_64                     84/139 
  Verifying        : perl-Carp-1.50-418.fc30.noarch                      85/139 
  Verifying        : perl-Data-Dumper-2.173-3.fc30.x86_64                86/139 
  Verifying        : perl-Digest-1.17-418.fc30.noarch                    87/139 
  Verifying        : perl-Digest-MD5-2.55-418.fc30.x86_64                88/139 
  Verifying        : perl-Encode-4:3.01-10.fc30.x86_64                   89/139 
  Verifying        : perl-Error-1:0.17027-2.fc30.noarch                  90/139 
  Verifying        : perl-Exporter-5.73-419.fc30.noarch                  91/139 
  Verifying        : perl-File-Path-2.16-2.fc30.noarch                   92/139 
  Verifying        : perl-File-Temp-1:0.230.900-2.fc30.noarch            93/139 
  Verifying        : perl-Getopt-Long-1:2.50-418.fc30.noarch             94/139 
  Verifying        : perl-Git-2.21.0-1.fc30.noarch                       95/139 
  Verifying        : perl-HTTP-Tiny-0.076-2.fc30.noarch                  96/139 
  Verifying        : perl-IO-Socket-IP-0.39-419.fc30.noarch              97/139 
  Verifying        : perl-IO-Socket-SSL-2.066-1.fc30.noarch              98/139 
  Verifying        : perl-MIME-Base64-3.15-418.fc30.x86_64               99/139 
  Verifying        : perl-Mozilla-CA-20180117-4.fc30.noarch             100/139 
  Verifying        : perl-Net-SSLeay-1.85-10.fc30.x86_64                101/139 
  Verifying        : perl-PathTools-3.75-2.fc30.x86_64                  102/139 
  Verifying        : perl-Pod-Escapes-1:1.07-418.fc30.noarch            103/139 
  Verifying        : perl-Pod-Perldoc-3.28.01-419.fc30.noarch           104/139 
  Verifying        : perl-Pod-Simple-1:3.35-418.fc30.noarch             105/139 
  Verifying        : perl-Pod-Usage-4:1.69-418.fc30.noarch              106/139 
  Verifying        : perl-Scalar-List-Utils-3:1.50-418.fc30.x86_64      107/139 
  Verifying        : perl-Socket-4:2.029-1.fc30.x86_64                  108/139 
  Verifying        : perl-Term-ANSIColor-4.06-419.fc30.noarch           109/139 
  Verifying        : perl-Term-Cap-1.17-418.fc30.noarch                 110/139 
  Verifying        : perl-TermReadKey-2.38-2.fc30.x86_64                111/139 
  Verifying        : perl-Text-ParseWords-3.30-418.fc30.noarch          112/139 
  Verifying        : perl-Text-Tabs+Wrap-2013.0523-418.fc30.noarch      113/139 
  Verifying        : perl-Thread-Queue-3.13-2.fc30.noarch               114/139 
  Verifying        : perl-Time-Local-2:1.280-4.fc30.noarch              115/139 
  Verifying        : perl-URI-1.76-2.fc30.noarch                        116/139 
  Verifying        : perl-Unicode-Normalize-1.26-418.fc30.x86_64        117/139 
  Verifying        : perl-constant-1.33-419.fc30.noarch                 118/139 
  Verifying        : perl-libnet-3.11-419.fc30.noarch                   119/139 
  Verifying        : perl-parent-1:0.237-3.fc30.noarch                  120/139 
  Verifying        : perl-threads-1:2.22-418.fc30.x86_64                121/139 
  Verifying        : pkgconf-1.6.1-1.fc30.x86_64                        122/139 
  Verifying        : pkgconf-m4-1.6.1-1.fc30.noarch                     123/139 
  Verifying        : pkgconf-pkg-config-1.6.1-1.fc30.x86_64             124/139 
  Verifying        : python-rpm-macros-3-42.fc30.noarch                 125/139 
  Verifying        : python-srpm-macros-3-42.fc30.noarch                126/139 
  Verifying        : python3-rpm-macros-3-42.fc30.noarch                127/139 
  Verifying        : rhash-1.3.8-1.fc30.x86_64                          128/139 
  Verifying        : unzip-6.0-43.fc30.x86_64                           129/139 
  Verifying        : xapian-core-libs-1.4.10-1.fc30.x86_64              130/139 
  Verifying        : zip-3.0-24.fc30.x86_64                             131/139 
  Verifying        : libgcc-9.1.1-1.fc30.x86_64                         132/139 
  Verifying        : libgcc-9.0.1-0.10.fc30.x86_64                      133/139 
  Verifying        : libstdc++-9.1.1-1.fc30.x86_64                      134/139 
  Verifying        : libstdc++-9.0.1-0.10.fc30.x86_64                   135/139 
  Verifying        : python3-3.7.4-1.fc30.x86_64                        136/139 
  Verifying        : python3-3.7.3-1.fc30.x86_64                        137/139 
  Verifying        : python3-libs-3.7.4-1.fc30.x86_64                   138/139 
  Verifying        : python3-libs-3.7.3-1.fc30.x86_64                   139/139 

Upgraded:
  libgcc-9.1.1-1.fc30.x86_64           libstdc++-9.1.1-1.fc30.x86_64            
  python3-3.7.4-1.fc30.x86_64          python3-libs-3.7.4-1.fc30.x86_64         

Installed:
  automake-1.16.1-12.fc30.noarch                                                
  cmake-3.14.5-1.fc30.x86_64                                                    
  gcc-9.1.1-1.fc30.x86_64                                                       
  gcc-c++-9.1.1-1.fc30.x86_64                                                   
  kernel-devel-5.1.20-300.fc30.x86_64                                           
  python3-devel-3.7.4-1.fc30.x86_64                                             
  make-1:4.2.1-13.fc30.x86_64                                                   
  subversion-1.12.0-1.fc30.x86_64                                               
  systemtap-4.1-1.fc30.x86_64                                                   
  diffstat-1.62-2.fc30.x86_64                                                   
  doxygen-1:1.8.15-6.fc30.x86_64                                                
  gettext-0.19.8.1-18.fc30.x86_64                                               
  git-2.21.0-1.fc30.x86_64                                                      
  patch-2.7.6-9.fc30.x86_64                                                     
  patchutils-0.3.4-13.fc30.x86_64                                               
  apr-util-bdb-1.6.1-10.fc30.x86_64                                             
  apr-util-openssl-1.6.1-10.fc30.x86_64                                         
  perl-IO-Socket-IP-0.39-419.fc30.noarch                                        
  perl-IO-Socket-SSL-2.066-1.fc30.noarch                                        
  perl-Mozilla-CA-20180117-4.fc30.noarch                                        
  boost-filesystem-1.69.0-8.fc30.x86_64                                         
  boost-system-1.69.0-8.fc30.x86_64                                             
  boost-thread-1.69.0-8.fc30.x86_64                                             
  cmake-data-3.14.5-1.fc30.noarch                                               
  cmake-filesystem-3.14.5-1.fc30.x86_64                                         
  cmake-rpm-macros-3.14.5-1.fc30.noarch                                         
  cpp-9.1.1-1.fc30.x86_64                                                       
  emacs-filesystem-1:26.2-1.fc30.noarch                                         
  kernel-headers-5.1.20-300.fc30.x86_64                                         
  less-551-1.fc30.x86_64                                                        
  libedit-3.1-27.20190324cvs.fc30.x86_64                                        
  libgomp-9.1.1-1.fc30.x86_64                                                   
  libstdc++-devel-9.1.1-1.fc30.x86_64                                           
  libuv-1:1.30.1-1.fc30.x86_64                                                  
  nss-3.44.1-1.fc30.x86_64                                                      
  nss-softokn-3.44.1-1.fc30.x86_64                                              
  nss-softokn-freebl-3.44.1-1.fc30.x86_64                                       
  nss-sysinit-3.44.1-1.fc30.x86_64                                              
  nss-util-3.44.1-1.fc30.x86_64                                                 
  openssh-8.0p1-5.fc30.x86_64                                                   
  openssh-clients-8.0p1-5.fc30.x86_64                                           
  perl-Errno-1.29-436.fc30.x86_64                                               
  perl-IO-1.39-436.fc30.x86_64                                                  
  perl-Storable-1:3.15-2.fc30.x86_64                                            
  perl-interpreter-4:5.28.2-436.fc30.x86_64                                     
  perl-libs-4:5.28.2-436.fc30.x86_64                                            
  perl-macros-4:5.28.2-436.fc30.x86_64                                          
  perl-podlators-1:4.12-1.fc30.noarch                                           
  perl-threads-shared-1.59-3.fc30.x86_64                                        
  python3-rpm-generators-8-1.fc30.noarch                                        
  subversion-libs-1.12.0-1.fc30.x86_64                                          
  systemtap-client-4.1-1.fc30.x86_64                                            
  systemtap-devel-4.1-1.fc30.x86_64                                             
  systemtap-runtime-4.1-1.fc30.x86_64                                           
  tbb-2019.6-1.fc30.x86_64                                                      
  utf8proc-2.3.0-1.fc30.x86_64                                                  
  apr-1.6.5-3.fc30.x86_64                                                       
  apr-util-1.6.1-10.fc30.x86_64                                                 
  autoconf-2.69-29.fc30.noarch                                                  
  avahi-libs-0.7-18.fc30.x86_64                                                 
  binutils-2.31.1-29.fc30.x86_64                                                
  dyninst-10.0.0-7.fc30.x86_64                                                  
  efivar-libs-37-1.fc30.x86_64                                                  
  findutils-1:4.6.0-22.fc30.x86_64                                              
  fipscheck-1.5.0-6.fc30.x86_64                                                 
  fipscheck-lib-1.5.0-6.fc30.x86_64                                             
  gc-7.6.4-5.fc30.x86_64                                                        
  gettext-libs-0.19.8.1-18.fc30.x86_64                                          
  git-core-2.21.0-1.fc30.x86_64                                                 
  git-core-doc-2.21.0-1.fc30.noarch                                             
  glibc-devel-2.29-9.fc30.x86_64                                                
  glibc-headers-2.29-9.fc30.x86_64                                              
  groff-base-1.22.3-19.fc30.x86_64                                              
  guile22-2.2.4-3.fc30.x86_64                                                   
  isl-0.16.1-8.fc30.x86_64                                                      
  jsoncpp-1.8.4-6.fc30.x86_64                                                   
  libatomic_ops-7.6.6-2.fc30.x86_64                                             
  libcroco-0.6.13-1.fc30.x86_64                                                 
  libmpc-1.1.0-3.fc30.x86_64                                                    
  libpkgconf-1.6.1-1.fc30.x86_64                                                
  libsecret-0.18.8-1.fc30.x86_64                                                
  libserf-1.3.9-11.fc30.x86_64                                                  
  libtool-ltdl-2.4.6-29.fc30.x86_64                                             
  libxcrypt-devel-4.4.4-2.fc30.x86_64                                           
  m4-1.4.18-10.fc30.x86_64                                                      
  mokutil-1:0.3.0-11.fc30.x86_64                                                
  nspr-4.21.0-1.fc30.x86_64                                                     
  perl-Carp-1.50-418.fc30.noarch                                                
  perl-Data-Dumper-2.173-3.fc30.x86_64                                          
  perl-Digest-1.17-418.fc30.noarch                                              
  perl-Digest-MD5-2.55-418.fc30.x86_64                                          
  perl-Encode-4:3.01-10.fc30.x86_64                                             
  perl-Error-1:0.17027-2.fc30.noarch                                            
  perl-Exporter-5.73-419.fc30.noarch                                            
  perl-File-Path-2.16-2.fc30.noarch                                             
  perl-File-Temp-1:0.230.900-2.fc30.noarch                                      
  perl-Getopt-Long-1:2.50-418.fc30.noarch                                       
  perl-Git-2.21.0-1.fc30.noarch                                                 
  perl-HTTP-Tiny-0.076-2.fc30.noarch                                            
  perl-MIME-Base64-3.15-418.fc30.x86_64                                         
  perl-Net-SSLeay-1.85-10.fc30.x86_64                                           
  perl-PathTools-3.75-2.fc30.x86_64                                             
  perl-Pod-Escapes-1:1.07-418.fc30.noarch                                       
  perl-Pod-Perldoc-3.28.01-419.fc30.noarch                                      
  perl-Pod-Simple-1:3.35-418.fc30.noarch                                        
  perl-Pod-Usage-4:1.69-418.fc30.noarch                                         
  perl-Scalar-List-Utils-3:1.50-418.fc30.x86_64                                 
  perl-Socket-4:2.029-1.fc30.x86_64                                             
  perl-Term-ANSIColor-4.06-419.fc30.noarch                                      
  perl-Term-Cap-1.17-418.fc30.noarch                                            
  perl-TermReadKey-2.38-2.fc30.x86_64                                           
  perl-Text-ParseWords-3.30-418.fc30.noarch                                     
  perl-Text-Tabs+Wrap-2013.0523-418.fc30.noarch                                 
  perl-Thread-Queue-3.13-2.fc30.noarch                                          
  perl-Time-Local-2:1.280-4.fc30.noarch                                         
  perl-URI-1.76-2.fc30.noarch                                                   
  perl-Unicode-Normalize-1.26-418.fc30.x86_64                                   
  perl-constant-1.33-419.fc30.noarch                                            
  perl-libnet-3.11-419.fc30.noarch                                              
  perl-parent-1:0.237-3.fc30.noarch                                             
  perl-threads-1:2.22-418.fc30.x86_64                                           
  pkgconf-1.6.1-1.fc30.x86_64                                                   
  pkgconf-m4-1.6.1-1.fc30.noarch                                                
  pkgconf-pkg-config-1.6.1-1.fc30.x86_64                                        
  python-rpm-macros-3-42.fc30.noarch                                            
  python-srpm-macros-3-42.fc30.noarch                                           
  python3-rpm-macros-3-42.fc30.noarch                                           
  rhash-1.3.8-1.fc30.x86_64                                                     
  unzip-6.0-43.fc30.x86_64                                                      
  xapian-core-libs-1.4.10-1.fc30.x86_64                                         
  zip-3.0-24.fc30.x86_64                                                        

Complete!
 ---> e61deca3ed9d
Removing intermediate container 2a81842caf33
Step 3/10 : RUN python3 -m venv venv
 ---> Running in af5c26d2b7c3
 ---> be12be22daaa
Removing intermediate container af5c26d2b7c3
Step 4/10 : ENV VIRTUAL_ENV venv
 ---> Running in cb55e4478fef
 ---> 30c5d4d0dab9
Removing intermediate container cb55e4478fef
Step 5/10 : RUN python3 -m venv $VIRTUAL_ENV
 ---> Running in 01db2bffb201
 ---> e14757980335
Removing intermediate container 01db2bffb201
Step 6/10 : ENV PATH "$VIRTUAL_ENV/bin:$PATH"
 ---> Running in 888b97819442
 ---> 0ad6ab07d736
Removing intermediate container 888b97819442
Step 7/10 : RUN source venv/bin/activate
 ---> Running in 8da1e9b23f71
 ---> 6d0a952854d7
Removing intermediate container 8da1e9b23f71
Step 8/10 : RUN echo `python --version`
 ---> Running in 2faad93923e3
Python 3.7.4
 ---> 091b49ad5b01
Removing intermediate container 2faad93923e3
Step 9/10 : RUN pip install --upgrade pip setuptools cython
 ---> Running in 601b38851166
Collecting pip
  Downloading https://files.pythonhosted.org/packages/62/ca/94d32a6516ed197a491d17d46595ce58a83cbb2fca280414e57cd86b84dc/pip-19.2.1-py2.py3-none-any.whl (1.4MB)
Collecting setuptools
  Downloading https://files.pythonhosted.org/packages/ec/51/f45cea425fd5cb0b0380f5b0f048ebc1da5b417e48d304838c02d6288a1e/setuptools-41.0.1-py2.py3-none-any.whl (575kB)
Collecting cython
  Downloading https://files.pythonhosted.org/packages/f1/d3/03a01bcf424eb86d3e9d818e2082ced2d512001af89183fca6f550c32bc2/Cython-0.29.13-cp37-cp37m-manylinux1_x86_64.whl (2.1MB)
Installing collected packages: pip, setuptools, cython
  Found existing installation: pip 19.0.3
    Uninstalling pip-19.0.3:
      Successfully uninstalled pip-19.0.3
  Found existing installation: setuptools 40.8.0
    Uninstalling setuptools-40.8.0:
      Successfully uninstalled setuptools-40.8.0
Successfully installed cython-0.29.13 pip-19.2.1 setuptools-41.0.1
 ---> d290e33a751f
Removing intermediate container 601b38851166
Step 10/10 : RUN pip install networkit
 ---> Running in c9c75c28fa51
Collecting networkit
  Downloading https://files.pythonhosted.org/packages/d4/36/39298b5c1ddccd062505e7e2f9dcb14235ddd158008bda62cdbb907de8e3/networkit-5.0.tar.gz (1.8MB)
Collecting scipy (from networkit)
  Downloading https://files.pythonhosted.org/packages/5d/bd/c0feba81fb60e231cf40fc8a322ed5873c90ef7711795508692b1481a4ae/scipy-1.3.0-cp37-cp37m-manylinux1_x86_64.whl (25.2MB)
Collecting matplotlib (from networkit)
  Downloading https://files.pythonhosted.org/packages/19/7a/60bd79c5d79559150f8bba866dd7d434f0a170312e4d15e8aefa5faba294/matplotlib-3.1.1-cp37-cp37m-manylinux1_x86_64.whl (13.1MB)
Collecting pandas (from networkit)
  Downloading https://files.pythonhosted.org/packages/3b/42/dc1f4820b95fbdbc9352ec9ad0f0c40db2122e1f2440ea53c7f9fbccf2b8/pandas-0.25.0-cp37-cp37m-manylinux1_x86_64.whl (10.4MB)
Collecting numpy (from networkit)
  Downloading https://files.pythonhosted.org/packages/05/4b/55cfbfd3e5e85016eeef9f21c0ec809d978706a0d60b62cc28aeec8c792f/numpy-1.17.0-cp37-cp37m-manylinux1_x86_64.whl (20.3MB)
Collecting networkx (from networkit)
  Downloading https://files.pythonhosted.org/packages/85/08/f20aef11d4c343b557e5de6b9548761811eb16e438cee3d32b1c66c8566b/networkx-2.3.zip (1.7MB)
Collecting tabulate (from networkit)
  Downloading https://files.pythonhosted.org/packages/c2/fd/202954b3f0eb896c53b7b6f07390851b1fd2ca84aa95880d7ae4f434c4ac/tabulate-0.8.3.tar.gz (46kB)
Collecting ipython (from networkit)
  Downloading https://files.pythonhosted.org/packages/f6/c4/a79582814bdfe92bfca4d286a729304ffdf13f5135132cfcaea13cf1b2b3/ipython-7.7.0-py3-none-any.whl (774kB)
Collecting python-dateutil>=2.1 (from matplotlib->networkit)
  Downloading https://files.pythonhosted.org/packages/41/17/c62faccbfbd163c7f57f3844689e3a78bae1f403648a6afb1d0866d87fbb/python_dateutil-2.8.0-py2.py3-none-any.whl (226kB)
Collecting cycler>=0.10 (from matplotlib->networkit)
  Downloading https://files.pythonhosted.org/packages/f7/d2/e07d3ebb2bd7af696440ce7e754c59dd546ffe1bbe732c8ab68b9c834e61/cycler-0.10.0-py2.py3-none-any.whl
Collecting pyparsing!=2.0.4,!=2.1.2,!=2.1.6,>=2.0.1 (from matplotlib->networkit)
  Downloading https://files.pythonhosted.org/packages/11/fa/0160cd525c62d7abd076a070ff02b2b94de589f1a9789774f17d7c54058e/pyparsing-2.4.2-py2.py3-none-any.whl (65kB)
Collecting kiwisolver>=1.0.1 (from matplotlib->networkit)
  Downloading https://files.pythonhosted.org/packages/93/f8/518fb0bb89860eea6ff1b96483fbd9236d5ee991485d0f3eceff1770f654/kiwisolver-1.1.0-cp37-cp37m-manylinux1_x86_64.whl (90kB)
Collecting pytz>=2017.2 (from pandas->networkit)
  Downloading https://files.pythonhosted.org/packages/87/76/46d697698a143e05f77bec5a526bf4e56a0be61d63425b68f4ba553b51f2/pytz-2019.2-py2.py3-none-any.whl (508kB)
Collecting decorator>=4.3.0 (from networkx->networkit)
  Downloading https://files.pythonhosted.org/packages/5f/88/0075e461560a1e750a0dcbf77f1d9de775028c37a19a346a6c565a257399/decorator-4.4.0-py2.py3-none-any.whl
Collecting pickleshare (from ipython->networkit)
  Downloading https://files.pythonhosted.org/packages/9a/41/220f49aaea88bc6fa6cba8d05ecf24676326156c23b991e80b3f2fc24c77/pickleshare-0.7.5-py2.py3-none-any.whl
Collecting pexpect; sys_platform != "win32" (from ipython->networkit)
  Downloading https://files.pythonhosted.org/packages/0e/3e/377007e3f36ec42f1b84ec322ee12141a9e10d808312e5738f52f80a232c/pexpect-4.7.0-py2.py3-none-any.whl (58kB)
Collecting jedi>=0.10 (from ipython->networkit)
  Downloading https://files.pythonhosted.org/packages/4e/06/e906725a5b3ad7996bbdbfe9958aab75db64ef84bbaabefe47574de58865/jedi-0.14.1-py2.py3-none-any.whl (1.0MB)
Requirement already satisfied: setuptools>=18.5 in /venv/lib/python3.7/site-packages (from ipython->networkit) (41.0.1)
Collecting prompt-toolkit<2.1.0,>=2.0.0 (from ipython->networkit)
  Downloading https://files.pythonhosted.org/packages/f7/a7/9b1dd14ef45345f186ef69d175bdd2491c40ab1dfa4b2b3e4352df719ed7/prompt_toolkit-2.0.9-py3-none-any.whl (337kB)
Collecting backcall (from ipython->networkit)
  Downloading https://files.pythonhosted.org/packages/84/71/c8ca4f5bb1e08401b916c68003acf0a0655df935d74d93bf3f3364b310e0/backcall-0.1.0.tar.gz
Collecting traitlets>=4.2 (from ipython->networkit)
  Downloading https://files.pythonhosted.org/packages/93/d6/abcb22de61d78e2fc3959c964628a5771e47e7cc60d53e9342e21ed6cc9a/traitlets-4.3.2-py2.py3-none-any.whl (74kB)
Collecting pygments (from ipython->networkit)
  Downloading https://files.pythonhosted.org/packages/5c/73/1dfa428150e3ccb0fa3e68db406e5be48698f2a979ccbcec795f28f44048/Pygments-2.4.2-py2.py3-none-any.whl (883kB)
Collecting six>=1.5 (from python-dateutil>=2.1->matplotlib->networkit)
  Downloading https://files.pythonhosted.org/packages/73/fb/00a976f728d0d1fecfe898238ce23f502a721c0ac0ecfedb80e0d88c64e9/six-1.12.0-py2.py3-none-any.whl
Collecting ptyprocess>=0.5 (from pexpect; sys_platform != "win32"->ipython->networkit)
  Downloading https://files.pythonhosted.org/packages/d1/29/605c2cc68a9992d18dada28206eeada56ea4bd07a239669da41674648b6f/ptyprocess-0.6.0-py2.py3-none-any.whl
Collecting parso>=0.5.0 (from jedi>=0.10->ipython->networkit)
  Downloading https://files.pythonhosted.org/packages/a3/bd/bf4e5bd01d79906e5b945a7af033154da49fd2b0d5b5c705a21330323305/parso-0.5.1-py2.py3-none-any.whl (95kB)
Collecting wcwidth (from prompt-toolkit<2.1.0,>=2.0.0->ipython->networkit)
  Downloading https://files.pythonhosted.org/packages/7e/9f/526a6947247599b084ee5232e4f9190a38f398d7300d866af3ab571a5bfe/wcwidth-0.1.7-py2.py3-none-any.whl
Collecting ipython-genutils (from traitlets>=4.2->ipython->networkit)
  Downloading https://files.pythonhosted.org/packages/fa/bc/9bd3b5c2b4774d5f33b2d544f1460be9df7df2fe42f352135381c347c69a/ipython_genutils-0.2.0-py2.py3-none-any.whl
Installing collected packages: numpy, scipy, six, python-dateutil, cycler, pyparsing, kiwisolver, matplotlib, pytz, pandas, decorator, networkx, tabulate, pickleshare, ptyprocess, pexpect, parso, jedi, wcwidth, prompt-toolkit, backcall, ipython-genutils, traitlets, pygments, ipython, networkit
  Running setup.py install for networkx: started
    Running setup.py install for networkx: finished with status 'done'
  Running setup.py install for tabulate: started
    Running setup.py install for tabulate: finished with status 'done'
  Running setup.py install for backcall: started
    Running setup.py install for backcall: finished with status 'done'
  Running setup.py install for networkit: started
    Running setup.py install for networkit: still running...
    Running setup.py install for networkit: still running...
    Running setup.py install for networkit: still running...
    Running setup.py install for networkit: still running...
    Running setup.py install for networkit: still running...
    Running setup.py install for networkit: finished with status 'error'
    ERROR: Command errored out with exit status 1:
     command: /venv/bin/python3 -u -c 'import sys, setuptools, tokenize; sys.argv[0] = '"'"'/tmp/pip-install-z55fb5hp/networkit/setup.py'"'"'; __file__='"'"'/tmp/pip-install-z55fb5hp/networkit/setup.py'"'"';f=getattr(tokenize, '"'"'open'"'"', open)(__file__);code=f.read().replace('"'"'\r\n'"'"', '"'"'\n'"'"');f.close();exec(compile(code, __file__, '"'"'exec'"'"'))' install --record /tmp/pip-record-n45v2qit/install-record.txt --single-version-externally-managed --compile --install-headers /venv/include/site/python3.7/networkit
         cwd: /tmp/pip-install-z55fb5hp/networkit/
    Complete output (1008 lines):
    running install
    running build
    running build_py
    creating build
    creating build/lib.linux-x86_64-3.7
    creating build/lib.linux-x86_64-3.7/networkit
    copying networkit/__init__.py -> build/lib.linux-x86_64-3.7/networkit
    copying networkit/matching.py -> build/lib.linux-x86_64-3.7/networkit
    copying networkit/scd.py -> build/lib.linux-x86_64-3.7/networkit
    copying networkit/linkprediction.py -> build/lib.linux-x86_64-3.7/networkit
    copying networkit/generators.py -> build/lib.linux-x86_64-3.7/networkit
    copying networkit/coloring.py -> build/lib.linux-x86_64-3.7/networkit
    copying networkit/plot.py -> build/lib.linux-x86_64-3.7/networkit
    copying networkit/GEXFIO.py -> build/lib.linux-x86_64-3.7/networkit
    copying networkit/distance.py -> build/lib.linux-x86_64-3.7/networkit
    copying networkit/clique.py -> build/lib.linux-x86_64-3.7/networkit
    copying networkit/simulation.py -> build/lib.linux-x86_64-3.7/networkit
    copying networkit/engineering.py -> build/lib.linux-x86_64-3.7/networkit
    copying networkit/viz.py -> build/lib.linux-x86_64-3.7/networkit
    copying networkit/coarsening.py -> build/lib.linux-x86_64-3.7/networkit
    copying networkit/graphio.py -> build/lib.linux-x86_64-3.7/networkit
    copying networkit/centrality.py -> build/lib.linux-x86_64-3.7/networkit
    copying networkit/stopwatch.py -> build/lib.linux-x86_64-3.7/networkit
    copying networkit/nxadapter.py -> build/lib.linux-x86_64-3.7/networkit
    copying networkit/flow.py -> build/lib.linux-x86_64-3.7/networkit
    copying networkit/GraphMLIO.py -> build/lib.linux-x86_64-3.7/networkit
    copying networkit/structures.py -> build/lib.linux-x86_64-3.7/networkit
    copying networkit/sparsification.py -> build/lib.linux-x86_64-3.7/networkit
    copying networkit/globals.py -> build/lib.linux-x86_64-3.7/networkit
    copying networkit/sampling.py -> build/lib.linux-x86_64-3.7/networkit
    copying networkit/community.py -> build/lib.linux-x86_64-3.7/networkit
    copying networkit/viztasks.py -> build/lib.linux-x86_64-3.7/networkit
    copying networkit/workflows.py -> build/lib.linux-x86_64-3.7/networkit
    copying networkit/components.py -> build/lib.linux-x86_64-3.7/networkit
    copying networkit/randomization.py -> build/lib.linux-x86_64-3.7/networkit
    copying networkit/dynamic.py -> build/lib.linux-x86_64-3.7/networkit
    copying networkit/stats.py -> build/lib.linux-x86_64-3.7/networkit
    copying networkit/correlation.py -> build/lib.linux-x86_64-3.7/networkit
    copying networkit/algebraic.py -> build/lib.linux-x86_64-3.7/networkit
    copying networkit/graph.py -> build/lib.linux-x86_64-3.7/networkit
    copying networkit/partitioning.py -> build/lib.linux-x86_64-3.7/networkit
    creating build/lib.linux-x86_64-3.7/networkit/test
    copying networkit/test/__init__.py -> build/lib.linux-x86_64-3.7/networkit/test
    copying networkit/test/test_randomization.py -> build/lib.linux-x86_64-3.7/networkit/test
    copying networkit/test/test_community.py -> build/lib.linux-x86_64-3.7/networkit/test
    copying networkit/test/test_graphio.py -> build/lib.linux-x86_64-3.7/networkit/test
    copying networkit/test/test_sparsification.py -> build/lib.linux-x86_64-3.7/networkit/test
    copying networkit/test/test_algorithms.py -> build/lib.linux-x86_64-3.7/networkit/test
    creating build/lib.linux-x86_64-3.7/networkit/gephi
    copying networkit/gephi/__init__.py -> build/lib.linux-x86_64-3.7/networkit/gephi
    copying networkit/gephi/pyclient.py -> build/lib.linux-x86_64-3.7/networkit/gephi
    copying networkit/gephi/streaming.py -> build/lib.linux-x86_64-3.7/networkit/gephi
    copying networkit/gephi/csv.py -> build/lib.linux-x86_64-3.7/networkit/gephi
    creating build/lib.linux-x86_64-3.7/networkit/profiling
    copying networkit/profiling/__init__.py -> build/lib.linux-x86_64-3.7/networkit/profiling
    copying networkit/profiling/multiprocessing_helper.py -> build/lib.linux-x86_64-3.7/networkit/profiling
    copying networkit/profiling/plot.py -> build/lib.linux-x86_64-3.7/networkit/profiling
    copying networkit/profiling/profiling.py -> build/lib.linux-x86_64-3.7/networkit/profiling
    copying networkit/profiling/stat.py -> build/lib.linux-x86_64-3.7/networkit/profiling
    copying networkit/profiling/job.py -> build/lib.linux-x86_64-3.7/networkit/profiling
    creating build/lib.linux-x86_64-3.7/networkit/test/extension
    copying networkit/test/extension/__init__.py -> build/lib.linux-x86_64-3.7/networkit/test/extension
    copying networkit/test/extension/test.py -> build/lib.linux-x86_64-3.7/networkit/test/extension
    creating build/lib.linux-x86_64-3.7/networkit/test/gephi
    copying networkit/test/gephi/__init__.py -> build/lib.linux-x86_64-3.7/networkit/test/gephi
    creating build/lib.linux-x86_64-3.7/networkit/profiling/html
    copying networkit/profiling/html/profiling.js -> build/lib.linux-x86_64-3.7/networkit/profiling/html
    copying networkit/profiling/html/overlay.html -> build/lib.linux-x86_64-3.7/networkit/profiling/html
    copying networkit/profiling/html/profile.html -> build/lib.linux-x86_64-3.7/networkit/profiling/html
    copying networkit/profiling/html/profiling.css -> build/lib.linux-x86_64-3.7/networkit/profiling/html
    copying networkit/profiling/html/measure.html -> build/lib.linux-x86_64-3.7/networkit/profiling/html
    creating build/lib.linux-x86_64-3.7/networkit/profiling/latex
    copying networkit/profiling/latex/measure.tex -> build/lib.linux-x86_64-3.7/networkit/profiling/latex
    copying networkit/profiling/latex/profile.tex -> build/lib.linux-x86_64-3.7/networkit/profiling/latex
    creating build/lib.linux-x86_64-3.7/networkit/profiling/description
    copying networkit/profiling/description/descriptions.txt -> build/lib.linux-x86_64-3.7/networkit/profiling/description
    running build_ext
    Cython not available, but _NetworKit.cpp provided. Continue build without cythonizing
    initializing NetworKit compilation with: 'cmake -DCMAKE_BUILD_TYPE=Release -DCMAKE_INSTALL_PREFIX=/tmp/pip-install-z55fb5hp/networkit/build/lib.linux-x86_64-3.7 -DCMAKE_CXX_COMPILER=g++ -DNETWORKIT_FLATINSTALL=ON -DNETWORKIT_PYTHON=/usr/include/python3.7m -DNETWORKIT_PYTHON_SOABI=cpython-37m-x86_64-linux-gnu /tmp/pip-install-z55fb5hp/networkit'
    -- The CXX compiler identification is GNU 9.1.1
    -- Check for working CXX compiler: /usr/bin/g++
    -- Check for working CXX compiler: /usr/bin/g++ -- works
    -- Detecting CXX compiler ABI info
    -- Detecting CXX compiler ABI info - done
    -- Detecting CXX compile features
    -- Detecting CXX compile features - done
    -- Found OpenMP_CXX: -fopenmp (found version "4.5")
    -- Found OpenMP: TRUE (found version "4.5")
    -- The C compiler identification is GNU 9.1.1
    -- Check for working C compiler: /usr/bin/cc
    -- Check for working C compiler: /usr/bin/cc -- works
    -- Detecting C compiler ABI info
    -- Detecting C compiler ABI info - done
    -- Detecting C compile features
    -- Detecting C compile features - done
    -- Performing Test TLX_CXX_HAS_CXX17
    -- Performing Test TLX_CXX_HAS_CXX17 - Success
    -- TLX CMAKE_CXX_FLAGS: -Wshadow -Wold-style-cast -std=c++17 -g -W -Wall -Wextra -fPIC  -Wcast-qual -Winit-self -Wnoexcept -Woverloaded-virtual -Wredundant-decls
    -- Looking for pthread.h
    -- Looking for pthread.h - found
    -- Looking for pthread_create
    -- Looking for pthread_create - not found
    -- Looking for pthread_create in pthreads
    -- Looking for pthread_create in pthreads - not found
    -- Looking for pthread_create in pthread
    -- Looking for pthread_create in pthread - found
    -- Found Threads: TRUE
    -- sphinx-build not found. Disable documentation targets
    -- Configuring done
    -- Generating done
    -- Build files have been written to: /tmp/pip-install-z55fb5hp/networkit/build/build_python
    Build with: 'make install -j4'
    Scanning dependencies of target symlink_include
    [  0%] Built target symlink_include
    Scanning dependencies of target tlx
    [  0%] Building CXX object extlibs/tlx/tlx/CMakeFiles/tlx.dir/cmdline_parser.cpp.o
    [  0%] Building CXX object extlibs/tlx/tlx/CMakeFiles/tlx.dir/algorithm/parallel_multiway_merge.cpp.o
    [  1%] Building CXX object extlibs/tlx/tlx/CMakeFiles/tlx.dir/die/core.cpp.o
    [  1%] Building CXX object extlibs/tlx/tlx/CMakeFiles/tlx.dir/backtrace.cpp.o
    [  2%] Building CXX object extlibs/tlx/tlx/CMakeFiles/tlx.dir/digest/md5.cpp.o
    [  2%] Building CXX object extlibs/tlx/tlx/CMakeFiles/tlx.dir/digest/sha1.cpp.o
    [  2%] Building CXX object extlibs/tlx/tlx/CMakeFiles/tlx.dir/digest/sha256.cpp.o
    [  2%] Building CXX object extlibs/tlx/tlx/CMakeFiles/tlx.dir/digest/sha512.cpp.o
    [  3%] Building CXX object extlibs/tlx/tlx/CMakeFiles/tlx.dir/logger/core.cpp.o
    [  3%] Building CXX object extlibs/tlx/tlx/CMakeFiles/tlx.dir/math/integer_log2.cpp.o
    [  3%] Building CXX object extlibs/tlx/tlx/CMakeFiles/tlx.dir/math/is_power_of_two.cpp.o
    [  4%] Building CXX object extlibs/tlx/tlx/CMakeFiles/tlx.dir/math/round_to_power_of_two.cpp.o
    [  4%] Building CXX object extlibs/tlx/tlx/CMakeFiles/tlx.dir/port/setenv.cpp.o
    [  4%] Building CXX object extlibs/tlx/tlx/CMakeFiles/tlx.dir/sort/strings1.cpp.o
    [  5%] Building CXX object extlibs/tlx/tlx/CMakeFiles/tlx.dir/sort/strings2.cpp.o
    [  5%] Building CXX object extlibs/tlx/tlx/CMakeFiles/tlx.dir/sort/strings3.cpp.o
    [  5%] Building CXX object extlibs/tlx/tlx/CMakeFiles/tlx.dir/string/base64.cpp.o
    [  6%] Building CXX object extlibs/tlx/tlx/CMakeFiles/tlx.dir/string/compare_icase.cpp.o
    [  6%] Building CXX object extlibs/tlx/tlx/CMakeFiles/tlx.dir/string/contains.cpp.o
    [  6%] Building CXX object extlibs/tlx/tlx/CMakeFiles/tlx.dir/string/contains_word.cpp.o
    [  6%] Building CXX object extlibs/tlx/tlx/CMakeFiles/tlx.dir/string/ends_with.cpp.o
    [  7%] Building CXX object extlibs/tlx/tlx/CMakeFiles/tlx.dir/string/equal_icase.cpp.o
    [  7%] Building CXX object extlibs/tlx/tlx/CMakeFiles/tlx.dir/string/erase_all.cpp.o
    [  7%] Building CXX object extlibs/tlx/tlx/CMakeFiles/tlx.dir/string/escape_html.cpp.o
    [  8%] Building CXX object extlibs/tlx/tlx/CMakeFiles/tlx.dir/string/escape_uri.cpp.o
    [  8%] Building CXX object extlibs/tlx/tlx/CMakeFiles/tlx.dir/string/expand_environment_variables.cpp.o
    [  8%] Building CXX object extlibs/tlx/tlx/CMakeFiles/tlx.dir/string/extract_between.cpp.o
    [  9%] Building CXX object extlibs/tlx/tlx/CMakeFiles/tlx.dir/string/format_si_iec_units.cpp.o
    [  9%] Building CXX object extlibs/tlx/tlx/CMakeFiles/tlx.dir/string/hexdump.cpp.o
    [  9%] Building CXX object extlibs/tlx/tlx/CMakeFiles/tlx.dir/string/index_of.cpp.o
    [ 10%] Building CXX object extlibs/tlx/tlx/CMakeFiles/tlx.dir/string/join.cpp.o
    [ 10%] Building CXX object extlibs/tlx/tlx/CMakeFiles/tlx.dir/string/join_quoted.cpp.o
    [ 10%] Building CXX object extlibs/tlx/tlx/CMakeFiles/tlx.dir/string/less_icase.cpp.o
    [ 10%] Building CXX object extlibs/tlx/tlx/CMakeFiles/tlx.dir/string/pad.cpp.o
    [ 11%] Building CXX object extlibs/tlx/tlx/CMakeFiles/tlx.dir/string/parse_si_iec_units.cpp.o
    [ 11%] Building CXX object extlibs/tlx/tlx/CMakeFiles/tlx.dir/string/replace.cpp.o
    [ 11%] Building CXX object extlibs/tlx/tlx/CMakeFiles/tlx.dir/string/split.cpp.o
    [ 12%] Building CXX object extlibs/tlx/tlx/CMakeFiles/tlx.dir/string/split_quoted.cpp.o
    [ 12%] Building CXX object extlibs/tlx/tlx/CMakeFiles/tlx.dir/string/split_words.cpp.o
    [ 12%] Building CXX object extlibs/tlx/tlx/CMakeFiles/tlx.dir/string/starts_with.cpp.o
    [ 13%] Building CXX object extlibs/tlx/tlx/CMakeFiles/tlx.dir/string/to_lower.cpp.o
    [ 13%] Building CXX object extlibs/tlx/tlx/CMakeFiles/tlx.dir/string/to_upper.cpp.o
    [ 13%] Building CXX object extlibs/tlx/tlx/CMakeFiles/tlx.dir/string/trim.cpp.o
    [ 14%] Building CXX object extlibs/tlx/tlx/CMakeFiles/tlx.dir/string/union_words.cpp.o
    [ 14%] Building CXX object extlibs/tlx/tlx/CMakeFiles/tlx.dir/string/word_wrap.cpp.o
    [ 14%] Building CXX object extlibs/tlx/tlx/CMakeFiles/tlx.dir/thread_pool.cpp.o
    [ 15%] Linking CXX static library libtlx.a
    [ 15%] Built target tlx
    Scanning dependencies of target networkit
    [ 16%] Building CXX object CMakeFiles/networkit.dir/networkit/cpp/networkit.cpp.o
    [ 16%] Building CXX object CMakeFiles/networkit.dir/networkit/cpp/algebraic/CSRMatrix.cpp.o
    [ 16%] Building CXX object CMakeFiles/networkit.dir/networkit/cpp/algebraic/DynamicMatrix.cpp.o
    [ 16%] Building CXX object CMakeFiles/networkit.dir/networkit/cpp/algebraic/DenseMatrix.cpp.o
    [ 17%] Building CXX object CMakeFiles/networkit.dir/networkit/cpp/algebraic/Vector.cpp.o
    [ 17%] Building CXX object CMakeFiles/networkit.dir/networkit/cpp/auxiliary/BloomFilter.cpp.o
    [ 17%] Building CXX object CMakeFiles/networkit.dir/networkit/cpp/auxiliary/BucketPQ.cpp.o
    [ 18%] Building CXX object CMakeFiles/networkit.dir/networkit/cpp/auxiliary/Log.cpp.o
    [ 18%] Building CXX object CMakeFiles/networkit.dir/networkit/cpp/auxiliary/NumericTools.cpp.o
    [ 18%] Building CXX object CMakeFiles/networkit.dir/networkit/cpp/auxiliary/Parallelism.cpp.o
    [ 19%] Building CXX object CMakeFiles/networkit.dir/networkit/cpp/auxiliary/Random.cpp.o
    [ 19%] Building CXX object CMakeFiles/networkit.dir/networkit/cpp/auxiliary/SignalHandling.cpp.o
    [ 19%] Building CXX object CMakeFiles/networkit.dir/networkit/cpp/auxiliary/Timer.cpp.o
    [ 19%] Building CXX object CMakeFiles/networkit.dir/networkit/cpp/base/Algorithm.cpp.o
    [ 20%] Building CXX object CMakeFiles/networkit.dir/networkit/cpp/centrality/ApproxBetweenness.cpp.o
    [ 20%] Building CXX object CMakeFiles/networkit.dir/networkit/cpp/centrality/ApproxCloseness.cpp.o
    [ 20%] Building CXX object CMakeFiles/networkit.dir/networkit/cpp/centrality/ApproxGroupBetweenness.cpp.o
    [ 21%] Building CXX object CMakeFiles/networkit.dir/networkit/cpp/centrality/Betweenness.cpp.o
    [ 21%] Building CXX object CMakeFiles/networkit.dir/networkit/cpp/centrality/Centrality.cpp.o
    [ 21%] Building CXX object CMakeFiles/networkit.dir/networkit/cpp/centrality/Closeness.cpp.o
    [ 22%] Building CXX object CMakeFiles/networkit.dir/networkit/cpp/centrality/CoreDecomposition.cpp.o
    [ 22%] Building CXX object CMakeFiles/networkit.dir/networkit/cpp/centrality/DegreeCentrality.cpp.o
    [ 22%] Building CXX object CMakeFiles/networkit.dir/networkit/cpp/centrality/DynApproxBetweenness.cpp.o
    [ 23%] Building CXX object CMakeFiles/networkit.dir/networkit/cpp/centrality/DynBetweenness.cpp.o
    [ 23%] Building CXX object CMakeFiles/networkit.dir/networkit/cpp/centrality/DynBetweennessOneNode.cpp.o
    [ 23%] Building CXX object CMakeFiles/networkit.dir/networkit/cpp/centrality/DynKatzCentrality.cpp.o
    [ 23%] Building CXX object CMakeFiles/networkit.dir/networkit/cpp/centrality/DynTopHarmonicCloseness.cpp.o
    [ 24%] Building CXX object CMakeFiles/networkit.dir/networkit/cpp/centrality/EigenvectorCentrality.cpp.o
    [ 24%] Building CXX object CMakeFiles/networkit.dir/networkit/cpp/centrality/EstimateBetweenness.cpp.o
    [ 24%] Building CXX object CMakeFiles/networkit.dir/networkit/cpp/centrality/GroupCloseness.cpp.o
    [ 25%] Building CXX object CMakeFiles/networkit.dir/networkit/cpp/centrality/GroupDegree.cpp.o
    [ 25%] Building CXX object CMakeFiles/networkit.dir/networkit/cpp/centrality/HarmonicCloseness.cpp.o
    [ 25%] Building CXX object CMakeFiles/networkit.dir/networkit/cpp/centrality/KadabraBetweenness.cpp.o
    [ 26%] Building CXX object CMakeFiles/networkit.dir/networkit/cpp/centrality/KatzCentrality.cpp.o
    [ 26%] Building CXX object CMakeFiles/networkit.dir/networkit/cpp/centrality/KPathCentrality.cpp.o
    [ 26%] Building CXX object CMakeFiles/networkit.dir/networkit/cpp/centrality/LaplacianCentrality.cpp.o
    [ 27%] Building CXX object CMakeFiles/networkit.dir/networkit/cpp/centrality/LocalClusteringCoefficient.cpp.o
    [ 27%] Building CXX object CMakeFiles/networkit.dir/networkit/cpp/centrality/LocalPartitionCoverage.cpp.o
    [ 27%] Building CXX object CMakeFiles/networkit.dir/networkit/cpp/centrality/PageRank.cpp.o
    [ 27%] Building CXX object CMakeFiles/networkit.dir/networkit/cpp/centrality/PermanenceCentrality.cpp.o
    [ 28%] Building CXX object CMakeFiles/networkit.dir/networkit/cpp/centrality/Sfigality.cpp.o
    [ 28%] Building CXX object CMakeFiles/networkit.dir/networkit/cpp/centrality/SpanningEdgeCentrality.cpp.o
    [ 28%] Building CXX object CMakeFiles/networkit.dir/networkit/cpp/centrality/TopCloseness.cpp.o
    [ 29%] Building CXX object CMakeFiles/networkit.dir/networkit/cpp/centrality/TopHarmonicCloseness.cpp.o
    [ 29%] Building CXX object CMakeFiles/networkit.dir/networkit/cpp/clique/MaxClique.cpp.o
    [ 29%] Building CXX object CMakeFiles/networkit.dir/networkit/cpp/clique/MaximalCliques.cpp.o
    [ 30%] Building CXX object CMakeFiles/networkit.dir/networkit/cpp/coarsening/ClusteringProjector.cpp.o
    [ 30%] Building CXX object CMakeFiles/networkit.dir/networkit/cpp/coarsening/GraphCoarsening.cpp.o
    [ 30%] Building CXX object CMakeFiles/networkit.dir/networkit/cpp/coarsening/MatchingCoarsening.cpp.o
    [ 31%] Building CXX object CMakeFiles/networkit.dir/networkit/cpp/coarsening/ParallelPartitionCoarsening.cpp.o
    [ 31%] Building CXX object CMakeFiles/networkit.dir/networkit/cpp/community/AdjustedRandMeasure.cpp.o
    [ 31%] Building CXX object CMakeFiles/networkit.dir/networkit/cpp/community/ClusteringGenerator.cpp.o
    [ 31%] Building CXX object CMakeFiles/networkit.dir/networkit/cpp/community/CommunityDetectionAlgorithm.cpp.o
    [ 32%] Building CXX object CMakeFiles/networkit.dir/networkit/cpp/community/Conductance.cpp.o
    [ 32%] Building CXX object CMakeFiles/networkit.dir/networkit/cpp/community/CoverHubDominance.cpp.o
    [ 32%] Building CXX object CMakeFiles/networkit.dir/networkit/cpp/community/CoverF1Similarity.cpp.o
    [ 33%] Building CXX object CMakeFiles/networkit.dir/networkit/cpp/community/Coverage.cpp.o
    [ 33%] Building CXX object CMakeFiles/networkit.dir/networkit/cpp/community/CutClustering.cpp.o
    [ 33%] Building CXX object CMakeFiles/networkit.dir/networkit/cpp/community/DissimilarityMeasure.cpp.o
    [ 34%] Building CXX object CMakeFiles/networkit.dir/networkit/cpp/community/DynamicNMIDistance.cpp.o
    [ 34%] Building CXX object CMakeFiles/networkit.dir/networkit/cpp/community/EdgeCut.cpp.o
    [ 34%] Building CXX object CMakeFiles/networkit.dir/networkit/cpp/community/GraphClusteringTools.cpp.o
    [ 35%] Building CXX object CMakeFiles/networkit.dir/networkit/cpp/community/GraphStructuralRandMeasure.cpp.o
    [ 35%] Building CXX object CMakeFiles/networkit.dir/networkit/cpp/community/HubDominance.cpp.o
    [ 35%] Building CXX object CMakeFiles/networkit.dir/networkit/cpp/community/IntrapartitionDensity.cpp.o
    [ 35%] Building CXX object CMakeFiles/networkit.dir/networkit/cpp/community/IsolatedInterpartitionConductance.cpp.o
    [ 36%] Building CXX object CMakeFiles/networkit.dir/networkit/cpp/community/IsolatedInterpartitionExpansion.cpp.o
    [ 36%] Building CXX object CMakeFiles/networkit.dir/networkit/cpp/community/JaccardMeasure.cpp.o
    [ 36%] Building CXX object CMakeFiles/networkit.dir/networkit/cpp/community/LPDegreeOrdered.cpp.o
    [ 37%] Building CXX object CMakeFiles/networkit.dir/networkit/cpp/community/LocalCoverEvaluation.cpp.o
    [ 37%] Building CXX object CMakeFiles/networkit.dir/networkit/cpp/community/LocalPartitionEvaluation.cpp.o
    [ 37%] Building CXX object CMakeFiles/networkit.dir/networkit/cpp/community/Modularity.cpp.o
    [ 38%] Building CXX object CMakeFiles/networkit.dir/networkit/cpp/community/NMIDistance.cpp.o
    [ 38%] Building CXX object CMakeFiles/networkit.dir/networkit/cpp/community/NodeStructuralRandMeasure.cpp.o
    [ 38%] Building CXX object CMakeFiles/networkit.dir/networkit/cpp/community/PLM.cpp.o
    [ 39%] Building CXX object CMakeFiles/networkit.dir/networkit/cpp/community/PLP.cpp.o
    [ 39%] Building CXX object CMakeFiles/networkit.dir/networkit/cpp/community/ParallelAgglomerativeClusterer.cpp.o
    [ 39%] Building CXX object CMakeFiles/networkit.dir/networkit/cpp/community/PartitionFragmentation.cpp.o
    [ 40%] Building CXX object CMakeFiles/networkit.dir/networkit/cpp/community/PartitionHubDominance.cpp.o
    [ 40%] Building CXX object CMakeFiles/networkit.dir/networkit/cpp/community/PartitionIntersection.cpp.o
    [ 40%] Building CXX object CMakeFiles/networkit.dir/networkit/cpp/community/QualityMeasure.cpp.o
    [ 40%] Building CXX object CMakeFiles/networkit.dir/networkit/cpp/community/SampledGraphStructuralRandMeasure.cpp.o
    [ 41%] Building CXX object CMakeFiles/networkit.dir/networkit/cpp/community/SampledNodeStructuralRandMeasure.cpp.o
    [ 41%] Building CXX object CMakeFiles/networkit.dir/networkit/cpp/community/StablePartitionNodes.cpp.o
    [ 41%] Building CXX object CMakeFiles/networkit.dir/networkit/cpp/components/BiconnectedComponents.cpp.o
    [ 42%] Building CXX object CMakeFiles/networkit.dir/networkit/cpp/components/ConnectedComponents.cpp.o
    [ 42%] Building CXX object CMakeFiles/networkit.dir/networkit/cpp/components/DynConnectedComponents.cpp.o
    [ 42%] Building CXX object CMakeFiles/networkit.dir/networkit/cpp/components/DynWeaklyConnectedComponents.cpp.o
    [ 43%] Building CXX object CMakeFiles/networkit.dir/networkit/cpp/components/ParallelConnectedComponents.cpp.o
    [ 43%] Building CXX object CMakeFiles/networkit.dir/networkit/cpp/components/RandomSpanningForest.cpp.o
    [ 43%] Building CXX object CMakeFiles/networkit.dir/networkit/cpp/components/StronglyConnectedComponents.cpp.o
    [ 44%] Building CXX object CMakeFiles/networkit.dir/networkit/cpp/components/WeaklyConnectedComponents.cpp.o
    [ 44%] Building CXX object CMakeFiles/networkit.dir/networkit/cpp/correlation/Assortativity.cpp.o
    [ 44%] Building CXX object CMakeFiles/networkit.dir/networkit/cpp/distance/AffectedNodes.cpp.o
    [ 44%] Building CXX object CMakeFiles/networkit.dir/networkit/cpp/distance/APSP.cpp.o
    [ 45%] Building CXX object CMakeFiles/networkit.dir/networkit/cpp/distance/AdamicAdarDistance.cpp.o
    [ 45%] Building CXX object CMakeFiles/networkit.dir/networkit/cpp/distance/AlgebraicDistance.cpp.o
    [ 45%] Building CXX object CMakeFiles/networkit.dir/networkit/cpp/distance/AllSimplePaths.cpp.o
    [ 46%] Building CXX object CMakeFiles/networkit.dir/networkit/cpp/distance/BFS.cpp.o
    [ 46%] Building CXX object CMakeFiles/networkit.dir/networkit/cpp/distance/CommuteTimeDistance.cpp.o
    [ 46%] Building CXX object CMakeFiles/networkit.dir/networkit/cpp/distance/Diameter.cpp.o
    [ 47%] Building CXX object CMakeFiles/networkit.dir/networkit/cpp/distance/Dijkstra.cpp.o
    [ 47%] Building CXX object CMakeFiles/networkit.dir/networkit/cpp/distance/Eccentricity.cpp.o
    [ 47%] Building CXX object CMakeFiles/networkit.dir/networkit/cpp/distance/EffectiveDiameter.cpp.o
    [ 48%] Building CXX object CMakeFiles/networkit.dir/networkit/cpp/distance/EffectiveDiameterApproximation.cpp.o
    [ 48%] Building CXX object CMakeFiles/networkit.dir/networkit/cpp/distance/GraphDistance.cpp.o
    [ 48%] Building CXX object CMakeFiles/networkit.dir/networkit/cpp/distance/HopPlotApproximation.cpp.o
    [ 48%] Building CXX object CMakeFiles/networkit.dir/networkit/cpp/distance/IncompleteDijkstra.cpp.o
    [ 49%] Building CXX object CMakeFiles/networkit.dir/networkit/cpp/distance/JaccardDistance.cpp.o
    [ 49%] Building CXX object CMakeFiles/networkit.dir/networkit/cpp/distance/NeighborhoodFunction.cpp.o
    [ 49%] Building CXX object CMakeFiles/networkit.dir/networkit/cpp/distance/NeighborhoodFunctionApproximation.cpp.o
    [ 50%] Building CXX object CMakeFiles/networkit.dir/networkit/cpp/distance/NeighborhoodFunctionHeuristic.cpp.o
    [ 50%] Building CXX object CMakeFiles/networkit.dir/networkit/cpp/distance/NodeDistance.cpp.o
    [ 50%] Building CXX object CMakeFiles/networkit.dir/networkit/cpp/distance/ReverseBFS.cpp.o
    [ 51%] Building CXX object CMakeFiles/networkit.dir/networkit/cpp/distance/SSSP.cpp.o
    [ 51%] Building CXX object CMakeFiles/networkit.dir/networkit/cpp/distance/Volume.cpp.o
    [ 51%] Building CXX object CMakeFiles/networkit.dir/networkit/cpp/distance/DynAPSP.cpp.o
    [ 52%] Building CXX object CMakeFiles/networkit.dir/networkit/cpp/distance/DynBFS.cpp.o
    [ 52%] Building CXX object CMakeFiles/networkit.dir/networkit/cpp/distance/DynDijkstra.cpp.o
    [ 52%] Building CXX object CMakeFiles/networkit.dir/networkit/cpp/distance/DynSSSP.cpp.o
    [ 52%] Building CXX object CMakeFiles/networkit.dir/networkit/cpp/dynamics/DGSStreamParser.cpp.o
    [ 53%] Building CXX object CMakeFiles/networkit.dir/networkit/cpp/dynamics/DGSWriter.cpp.o
    [ 53%] Building CXX object CMakeFiles/networkit.dir/networkit/cpp/dynamics/GraphDifference.cpp.o
    [ 53%] Building CXX object CMakeFiles/networkit.dir/networkit/cpp/dynamics/GraphEvent.cpp.o
    [ 54%] Building CXX object CMakeFiles/networkit.dir/networkit/cpp/dynamics/GraphEventHandler.cpp.o
    [ 54%] Building CXX object CMakeFiles/networkit.dir/networkit/cpp/dynamics/GraphEventProxy.cpp.o
    [ 54%] Building CXX object CMakeFiles/networkit.dir/networkit/cpp/dynamics/GraphUpdater.cpp.o
    [ 55%] Building CXX object CMakeFiles/networkit.dir/networkit/cpp/edgescores/ChibaNishizekiQuadrangleEdgeScore.cpp.o
    [ 55%] Building CXX object CMakeFiles/networkit.dir/networkit/cpp/edgescores/ChibaNishizekiTriangleEdgeScore.cpp.o
    [ 55%] Building CXX object CMakeFiles/networkit.dir/networkit/cpp/edgescores/EdgeScore.cpp.o
    [ 56%] Building CXX object CMakeFiles/networkit.dir/networkit/cpp/edgescores/EdgeScoreAsWeight.cpp.o
    [ 56%] Building CXX object CMakeFiles/networkit.dir/networkit/cpp/edgescores/EdgeScoreBlender.cpp.o
    [ 56%] Building CXX object CMakeFiles/networkit.dir/networkit/cpp/edgescores/EdgeScoreLinearizer.cpp.o
    [ 56%] Building CXX object CMakeFiles/networkit.dir/networkit/cpp/edgescores/EdgeScoreNormalizer.cpp.o
    [ 57%] Building CXX object CMakeFiles/networkit.dir/networkit/cpp/edgescores/GeometricMeanScore.cpp.o
    [ 57%] Building CXX object CMakeFiles/networkit.dir/networkit/cpp/edgescores/PrefixJaccardScore.cpp.o
    [ 57%] Building CXX object CMakeFiles/networkit.dir/networkit/cpp/edgescores/TriangleEdgeScore.cpp.o
    [ 58%] Building CXX object CMakeFiles/networkit.dir/networkit/cpp/flow/EdmondsKarp.cpp.o
    [ 58%] Building CXX object CMakeFiles/networkit.dir/networkit/cpp/generators/BarabasiAlbertGenerator.cpp.o
    [ 58%] Building CXX object CMakeFiles/networkit.dir/networkit/cpp/generators/ChungLuGenerator.cpp.o
    [ 59%] Building CXX object CMakeFiles/networkit.dir/networkit/cpp/generators/ClusteredRandomGraphGenerator.cpp.o
    [ 59%] Building CXX object CMakeFiles/networkit.dir/networkit/cpp/generators/DorogovtsevMendesGenerator.cpp.o
    [ 59%] Building CXX object CMakeFiles/networkit.dir/networkit/cpp/generators/DynamicBarabasiAlbertGenerator.cpp.o
    [ 60%] Building CXX object CMakeFiles/networkit.dir/networkit/cpp/generators/DynamicDGSParser.cpp.o
    [ 60%] Building CXX object CMakeFiles/networkit.dir/networkit/cpp/generators/DynamicDorogovtsevMendesGenerator.cpp.o
    [ 60%] Building CXX object CMakeFiles/networkit.dir/networkit/cpp/generators/DynamicForestFireGenerator.cpp.o
    [ 60%] Building CXX object CMakeFiles/networkit.dir/networkit/cpp/generators/DynamicGraphGenerator.cpp.o
    [ 61%] Building CXX object CMakeFiles/networkit.dir/networkit/cpp/generators/DynamicGraphSource.cpp.o
    [ 61%] Building CXX object CMakeFiles/networkit.dir/networkit/cpp/generators/DynamicHyperbolicGenerator.cpp.o
    [ 61%] Building CXX object CMakeFiles/networkit.dir/networkit/cpp/generators/DynamicPathGenerator.cpp.o
    [ 62%] Building CXX object CMakeFiles/networkit.dir/networkit/cpp/generators/DynamicPubWebGenerator.cpp.o
    [ 62%] Building CXX object CMakeFiles/networkit.dir/networkit/cpp/generators/EdgeSwitchingMarkovChainGenerator.cpp.o
    [ 62%] Building CXX object CMakeFiles/networkit.dir/networkit/cpp/generators/ErdosRenyiGenerator.cpp.o
    [ 63%] Building CXX object CMakeFiles/networkit.dir/networkit/cpp/generators/HavelHakimiGenerator.cpp.o
    [ 63%] Building CXX object CMakeFiles/networkit.dir/networkit/cpp/generators/HyperbolicGenerator.cpp.o
    [ 63%] Building CXX object CMakeFiles/networkit.dir/networkit/cpp/generators/LFRGenerator.cpp.o
    [ 64%] Building CXX object CMakeFiles/networkit.dir/networkit/cpp/generators/MocnikGenerator.cpp.o
    [ 64%] Building CXX object CMakeFiles/networkit.dir/networkit/cpp/generators/MocnikGeneratorBasic.cpp.o
    [ 64%] Building CXX object CMakeFiles/networkit.dir/networkit/cpp/generators/PowerlawDegreeSequence.cpp.o
    [ 65%] Building CXX object CMakeFiles/networkit.dir/networkit/cpp/generators/PubWebGenerator.cpp.o
    [ 65%] Building CXX object CMakeFiles/networkit.dir/networkit/cpp/generators/RegularRingLatticeGenerator.cpp.o
    [ 65%] Building CXX object CMakeFiles/networkit.dir/networkit/cpp/generators/RmatGenerator.cpp.o
    [ 65%] Building CXX object CMakeFiles/networkit.dir/networkit/cpp/generators/StaticDegreeSequenceGenerator.cpp.o
    [ 66%] Building CXX object CMakeFiles/networkit.dir/networkit/cpp/generators/StaticGraphGenerator.cpp.o
    [ 66%] Building CXX object CMakeFiles/networkit.dir/networkit/cpp/generators/StochasticBlockmodel.cpp.o
    [ 66%] Building CXX object CMakeFiles/networkit.dir/networkit/cpp/generators/WattsStrogatzGenerator.cpp.o
    [ 67%] Building CXX object CMakeFiles/networkit.dir/networkit/cpp/geometric/HyperbolicSpace.cpp.o
    [ 67%] Building CXX object CMakeFiles/networkit.dir/networkit/cpp/global/ClusteringCoefficient.cpp.o
    [ 67%] Building CXX object CMakeFiles/networkit.dir/networkit/cpp/global/GlobalClusteringCoefficient.cpp.o
    [ 68%] Building CXX object CMakeFiles/networkit.dir/networkit/cpp/graph/Graph.cpp.o
    [ 68%] Building CXX object CMakeFiles/networkit.dir/networkit/cpp/graph/GraphBuilder.cpp.o
    [ 68%] Building CXX object CMakeFiles/networkit.dir/networkit/cpp/graph/GraphTools.cpp.o
    [ 69%] Building CXX object CMakeFiles/networkit.dir/networkit/cpp/graph/KruskalMSF.cpp.o
    [ 69%] Building CXX object CMakeFiles/networkit.dir/networkit/cpp/graph/RandomMaximumSpanningForest.cpp.o
    [ 69%] Building CXX object CMakeFiles/networkit.dir/networkit/cpp/graph/Sampling.cpp.o
    [ 69%] Building CXX object CMakeFiles/networkit.dir/networkit/cpp/graph/SpanningForest.cpp.o
    [ 70%] Building CXX object CMakeFiles/networkit.dir/networkit/cpp/graph/UnionMaximumSpanningForest.cpp.o
    [ 70%] Building CXX object CMakeFiles/networkit.dir/networkit/cpp/independentset/IndependentSetFinder.cpp.o
    [ 70%] Building CXX object CMakeFiles/networkit.dir/networkit/cpp/independentset/Luby.cpp.o
    [ 71%] Building CXX object CMakeFiles/networkit.dir/networkit/cpp/io/BinaryEdgeListPartitionReader.cpp.o
    [ 71%] Building CXX object CMakeFiles/networkit.dir/networkit/cpp/io/BinaryEdgeListPartitionWriter.cpp.o
    [ 71%] Building CXX object CMakeFiles/networkit.dir/networkit/cpp/io/BinaryPartitionReader.cpp.o
    [ 72%] Building CXX object CMakeFiles/networkit.dir/networkit/cpp/io/BinaryPartitionWriter.cpp.o
    [ 72%] Building CXX object CMakeFiles/networkit.dir/networkit/cpp/io/CoverReader.cpp.o
    [ 72%] Building CXX object CMakeFiles/networkit.dir/networkit/cpp/io/CoverWriter.cpp.o
    [ 73%] Building CXX object CMakeFiles/networkit.dir/networkit/cpp/io/DGSReader.cpp.o
    [ 73%] Building CXX object CMakeFiles/networkit.dir/networkit/cpp/io/DibapGraphReader.cpp.o
    [ 73%] Building CXX object CMakeFiles/networkit.dir/networkit/cpp/io/DotGraphWriter.cpp.o
    [ 73%] Building CXX object CMakeFiles/networkit.dir/networkit/cpp/io/DotPartitionWriter.cpp.o
    [ 74%] Building CXX object CMakeFiles/networkit.dir/networkit/cpp/io/DynamicGraphReader.cpp.o
    [ 74%] Building CXX object CMakeFiles/networkit.dir/networkit/cpp/io/EdgeListCoverReader.cpp.o
    [ 74%] Building CXX object CMakeFiles/networkit.dir/networkit/cpp/io/EdgeListPartitionReader.cpp.o
    [ 75%] Building CXX object CMakeFiles/networkit.dir/networkit/cpp/io/EdgeListReader.cpp.o
    [ 75%] Building CXX object CMakeFiles/networkit.dir/networkit/cpp/io/EdgeListWriter.cpp.o
    [ 75%] Building CXX object CMakeFiles/networkit.dir/networkit/cpp/io/GMLGraphReader.cpp.o
    [ 76%] Building CXX object CMakeFiles/networkit.dir/networkit/cpp/io/GMLGraphWriter.cpp.o
    [ 76%] Building CXX object CMakeFiles/networkit.dir/networkit/cpp/io/GraphIO.cpp.o
    [ 76%] Building CXX object CMakeFiles/networkit.dir/networkit/cpp/io/GraphToolBinaryReader.cpp.o
    [ 77%] Building CXX object CMakeFiles/networkit.dir/networkit/cpp/io/GraphToolBinaryWriter.cpp.o
    [ 77%] Building CXX object CMakeFiles/networkit.dir/networkit/cpp/io/KONECTGraphReader.cpp.o
    [ 77%] Building CXX object CMakeFiles/networkit.dir/networkit/cpp/io/LineFileReader.cpp.o
    [ 77%] Building CXX object CMakeFiles/networkit.dir/networkit/cpp/io/MemoryMappedFile.cpp.o
    [ 78%] Building CXX object CMakeFiles/networkit.dir/networkit/cpp/io/METISGraphReader.cpp.o
    [ 78%] Building CXX object CMakeFiles/networkit.dir/networkit/cpp/io/METISGraphWriter.cpp.o
    [ 78%] Building CXX object CMakeFiles/networkit.dir/networkit/cpp/io/METISParser.cpp.o
    [ 79%] Building CXX object CMakeFiles/networkit.dir/networkit/cpp/io/MatrixMarketReader.cpp.o
    [ 79%] Building CXX object CMakeFiles/networkit.dir/networkit/cpp/io/PartitionReader.cpp.o
    [ 79%] Building CXX object CMakeFiles/networkit.dir/networkit/cpp/io/PartitionWriter.cpp.o
    [ 80%] Building CXX object CMakeFiles/networkit.dir/networkit/cpp/io/RasterReader.cpp.o
    [ 80%] Building CXX object CMakeFiles/networkit.dir/networkit/cpp/io/SNAPEdgeListPartitionReader.cpp.o
    [ 80%] Building CXX object CMakeFiles/networkit.dir/networkit/cpp/io/SNAPGraphReader.cpp.o
    [ 81%] Building CXX object CMakeFiles/networkit.dir/networkit/cpp/io/SNAPGraphWriter.cpp.o
    [ 81%] Building CXX object CMakeFiles/networkit.dir/networkit/cpp/io/ThrillGraphBinaryReader.cpp.o
    [ 81%] Building CXX object CMakeFiles/networkit.dir/networkit/cpp/io/ThrillGraphBinaryWriter.cpp.o
    [ 81%] Building CXX object CMakeFiles/networkit.dir/networkit/cpp/linkprediction/AdamicAdarIndex.cpp.o
    [ 82%] Building CXX object CMakeFiles/networkit.dir/networkit/cpp/linkprediction/AdjustedRandIndex.cpp.o
    [ 82%] Building CXX object CMakeFiles/networkit.dir/networkit/cpp/linkprediction/AlgebraicDistanceIndex.cpp.o
    [ 82%] Building CXX object CMakeFiles/networkit.dir/networkit/cpp/linkprediction/CommonNeighborsIndex.cpp.o
    [ 83%] Building CXX object CMakeFiles/networkit.dir/networkit/cpp/linkprediction/EvaluationMetric.cpp.o
    [ 83%] Building CXX object CMakeFiles/networkit.dir/networkit/cpp/linkprediction/JaccardIndex.cpp.o
    [ 83%] Building CXX object CMakeFiles/networkit.dir/networkit/cpp/linkprediction/KatzIndex.cpp.o
    [ 84%] Building CXX object CMakeFiles/networkit.dir/networkit/cpp/linkprediction/LinkPredictor.cpp.o
    [ 84%] Building CXX object CMakeFiles/networkit.dir/networkit/cpp/linkprediction/LinkThresholder.cpp.o
    [ 84%] Building CXX object CMakeFiles/networkit.dir/networkit/cpp/linkprediction/MissingLinksFinder.cpp.o
    [ 85%] Building CXX object CMakeFiles/networkit.dir/networkit/cpp/linkprediction/NeighborhoodDistanceIndex.cpp.o
    [ 85%] Building CXX object CMakeFiles/networkit.dir/networkit/cpp/linkprediction/NeighborhoodUtility.cpp.o
    [ 85%] Building CXX object CMakeFiles/networkit.dir/networkit/cpp/linkprediction/NeighborsMeasureIndex.cpp.o
    [ 85%] Building CXX object CMakeFiles/networkit.dir/networkit/cpp/linkprediction/PrecisionRecallMetric.cpp.o
    [ 86%] Building CXX object CMakeFiles/networkit.dir/networkit/cpp/linkprediction/PredictionsSorter.cpp.o
    [ 86%] Building CXX object CMakeFiles/networkit.dir/networkit/cpp/linkprediction/PreferentialAttachmentIndex.cpp.o
    [ 86%] Building CXX object CMakeFiles/networkit.dir/networkit/cpp/linkprediction/ROCMetric.cpp.o
    [ 87%] Building CXX object CMakeFiles/networkit.dir/networkit/cpp/linkprediction/RandomLinkSampler.cpp.o
    [ 87%] Building CXX object CMakeFiles/networkit.dir/networkit/cpp/linkprediction/ResourceAllocationIndex.cpp.o
    [ 87%] Building CXX object CMakeFiles/networkit.dir/networkit/cpp/linkprediction/SameCommunityIndex.cpp.o
    [ 88%] Building CXX object CMakeFiles/networkit.dir/networkit/cpp/linkprediction/TotalNeighborsIndex.cpp.o
    [ 88%] Building CXX object CMakeFiles/networkit.dir/networkit/cpp/linkprediction/UDegreeIndex.cpp.o
    [ 88%] Building CXX object CMakeFiles/networkit.dir/networkit/cpp/linkprediction/VDegreeIndex.cpp.o
    [ 89%] Building CXX object CMakeFiles/networkit.dir/networkit/cpp/matching/LocalMaxMatcher.cpp.o
    [ 89%] Building CXX object CMakeFiles/networkit.dir/networkit/cpp/matching/Matcher.cpp.o
    [ 89%] Building CXX object CMakeFiles/networkit.dir/networkit/cpp/matching/Matching.cpp.o
    [ 90%] Building CXX object CMakeFiles/networkit.dir/networkit/cpp/matching/PathGrowingMatcher.cpp.o
    [ 90%] Building CXX object CMakeFiles/networkit.dir/networkit/cpp/overlap/HashingOverlapper.cpp.o
    [ 90%] Building CXX object CMakeFiles/networkit.dir/networkit/cpp/overlap/Overlapper.cpp.o
    [ 90%] Building CXX object CMakeFiles/networkit.dir/networkit/cpp/randomization/Curveball.cpp.o
    [ 91%] Building CXX object CMakeFiles/networkit.dir/networkit/cpp/randomization/CurveballGlobalTradeGenerator.cpp.o
    [ 91%] Building CXX object CMakeFiles/networkit.dir/networkit/cpp/randomization/CurveballImpl.cpp.o
    [ 91%] Building CXX object CMakeFiles/networkit.dir/networkit/cpp/randomization/CurveballUniformTradeGenerator.cpp.o
    [ 92%] Building CXX object CMakeFiles/networkit.dir/networkit/cpp/randomization/GlobalCurveball.cpp.o
    [ 92%] Building CXX object CMakeFiles/networkit.dir/networkit/cpp/scd/ApproximatePageRank.cpp.o
    [ 92%] Building CXX object CMakeFiles/networkit.dir/networkit/cpp/scd/GCE.cpp.o
    [ 93%] Building CXX object CMakeFiles/networkit.dir/networkit/cpp/scd/PageRankNibble.cpp.o
    [ 93%] Building CXX object CMakeFiles/networkit.dir/networkit/cpp/scd/SelectiveCommunityDetector.cpp.o
    [ 93%] Building CXX object CMakeFiles/networkit.dir/networkit/cpp/simulation/EpidemicSimulationSEIR.cpp.o
    [ 94%] Building CXX object CMakeFiles/networkit.dir/networkit/cpp/sparsification/ChanceCorrectedTriangleScore.cpp.o
    [ 94%] Building CXX object CMakeFiles/networkit.dir/networkit/cpp/sparsification/ForestFireScore.cpp.o
    [ 94%] Building CXX object CMakeFiles/networkit.dir/networkit/cpp/sparsification/GlobalThresholdFilter.cpp.o
    [ 94%] Building CXX object CMakeFiles/networkit.dir/networkit/cpp/sparsification/LocalDegreeScore.cpp.o
    [ 95%] Building CXX object CMakeFiles/networkit.dir/networkit/cpp/sparsification/LocalSimilarityScore.cpp.o
    [ 95%] Building CXX object CMakeFiles/networkit.dir/networkit/cpp/sparsification/MultiscaleScore.cpp.o
    [ 95%] Building CXX object CMakeFiles/networkit.dir/networkit/cpp/sparsification/RandomEdgeScore.cpp.o
    [ 96%] Building CXX object CMakeFiles/networkit.dir/networkit/cpp/sparsification/RandomNodeEdgeScore.cpp.o
    [ 96%] Building CXX object CMakeFiles/networkit.dir/networkit/cpp/sparsification/SCANStructuralSimilarityScore.cpp.o
    [ 96%] Building CXX object CMakeFiles/networkit.dir/networkit/cpp/sparsification/SimmelianOverlapScore.cpp.o
    [ 97%] Building CXX object CMakeFiles/networkit.dir/networkit/cpp/sparsification/SimmelianScore.cpp.o
    [ 97%] Building CXX object CMakeFiles/networkit.dir/networkit/cpp/sparsification/Sparsifiers.cpp.o
    [ 97%] Building CXX object CMakeFiles/networkit.dir/networkit/cpp/structures/Cover.cpp.o
    [ 98%] Building CXX object CMakeFiles/networkit.dir/networkit/cpp/structures/Partition.cpp.o
    [ 98%] Building CXX object CMakeFiles/networkit.dir/networkit/cpp/structures/UnionFind.cpp.o
    [ 98%] Building CXX object CMakeFiles/networkit.dir/networkit/cpp/viz/FruchtermanReingold.cpp.o
    [ 98%] Building CXX object CMakeFiles/networkit.dir/networkit/cpp/viz/Layouter.cpp.o
    [ 99%] Building CXX object CMakeFiles/networkit.dir/networkit/cpp/viz/MaxentStress.cpp.o
    [ 99%] Building CXX object CMakeFiles/networkit.dir/networkit/cpp/viz/MultilevelLayouter.cpp.o
    [ 99%] Building CXX object CMakeFiles/networkit.dir/networkit/cpp/viz/PivotMDS.cpp.o
    [100%] Building CXX object CMakeFiles/networkit.dir/networkit/cpp/viz/PostscriptWriter.cpp.o
    /tmp/pip-install-z55fb5hp/networkit/networkit/cpp/viz/MultilevelLayouter.cpp: In member function virtual void NetworKit::MultilevelLayouter::drawInternal(NetworKit::Graph&, NetworKit::count):
    /tmp/pip-install-z55fb5hp/networkit/networkit/cpp/viz/MultilevelLayouter.cpp:42:36: warning: FruchtermanReingold is deprecated [-Wdeprecated-declarations]
       42 |   FruchtermanReingold initLayouter(bottomLeft, topRight, false);
          |                                    ^~~~~~~~~~
    In file included from /tmp/pip-install-z55fb5hp/networkit/networkit/cpp/viz/MultilevelLayouter.cpp:9:
    /tmp/pip-install-z55fb5hp/networkit/networkit/cpp/viz/FruchtermanReingold.h:35:1: note: declared here
       35 | FruchtermanReingold: public Layouter {
          | ^~~~~~~~~~~~~~~~~~~
    /tmp/pip-install-z55fb5hp/networkit/networkit/cpp/viz/MultilevelLayouter.cpp:46:32: warning: FruchtermanReingold is deprecated [-Wdeprecated-declarations]
       46 |   FruchtermanReingold layouter(bottomLeft, topRight, true);
          |                                ^~~~~~~~~~
    In file included from /tmp/pip-install-z55fb5hp/networkit/networkit/cpp/viz/MultilevelLayouter.cpp:9:
    /tmp/pip-install-z55fb5hp/networkit/networkit/cpp/viz/FruchtermanReingold.h:35:1: note: declared here
       35 | FruchtermanReingold: public Layouter {
          | ^~~~~~~~~~~~~~~~~~~
    /tmp/pip-install-z55fb5hp/networkit/networkit/cpp/viz/MultilevelLayouter.cpp:76:32: warning: FruchtermanReingold is deprecated [-Wdeprecated-declarations]
       76 |   FruchtermanReingold layouter(bottomLeft, topRight, true); //, 50 * (level + 1), 0.1); // TODO: externalize
          |                                ^~~~~~~~~~
    In file included from /tmp/pip-install-z55fb5hp/networkit/networkit/cpp/viz/MultilevelLayouter.cpp:9:
    /tmp/pip-install-z55fb5hp/networkit/networkit/cpp/viz/FruchtermanReingold.h:35:1: note: declared here
       35 | FruchtermanReingold: public Layouter {
          | ^~~~~~~~~~~~~~~~~~~
    [100%] Linking CXX shared library libnetworkit.so
    [100%] Built target networkit
    Scanning dependencies of target _NetworKit
    [100%] Building CXX object CMakeFiles/_NetworKit.dir/networkit/_NetworKit.cpp.o
    /tmp/pip-install-z55fb5hp/networkit/networkit/_NetworKit.cpp:1638:19: warning: Luby is deprecated [-Wdeprecated-declarations]
     1638 |   NetworKit::Luby _this;
          |                   ^~~~~
    In file included from /tmp/pip-install-z55fb5hp/networkit/networkit/_NetworKit.cpp:616:
    /tmp/pip-install-z55fb5hp/networkit/networkit/cpp/independentset/Luby.h:22:1: note: declared here
       22 | Luby: public IndependentSetFinder {
          | ^~~~
    /tmp/pip-install-z55fb5hp/networkit/networkit/_NetworKit.cpp:3400:25: warning: MaxClique is deprecated: Use MaximalCliques instead. [-Wdeprecated-declarations]
     3400 |   NetworKit::MaxClique *_this;
          |                         ^~~~~
    In file included from /tmp/pip-install-z55fb5hp/networkit/networkit/_NetworKit.cpp:754:
    /tmp/pip-install-z55fb5hp/networkit/networkit/cpp/clique/MaxClique.h:25:1: note: declared here
       25 | MaxClique {
          | ^~~~~~~~~
    /tmp/pip-install-z55fb5hp/networkit/networkit/_NetworKit.cpp: In function PyObject* __pyx_pf_9networkit_10_NetworKit_4SSSP_12getStack(__pyx_obj_9networkit_10_NetworKit_SSSP*, PyObject*):
    /tmp/pip-install-z55fb5hp/networkit/networkit/_NetworKit.cpp:20873:88: warning: virtual std::vector<long unsigned int> NetworKit::SSSP::getStack(bool) is deprecated: use getNodesSortedByDistance instead [-Wdeprecated-declarations]
    20873 |     __pyx_t_4 = ((NetworKit::SSSP *)__pyx_v_self->__pyx_base._this)->getStack(__pyx_t_3);
          |                                                                                        ^
    In file included from /tmp/pip-install-z55fb5hp/networkit/networkit/_NetworKit.cpp:604:
    /tmp/pip-install-z55fb5hp/networkit/networkit/cpp/distance/SSSP.h:113:28: note: declared here
      113 |  virtual std::vector<node> getStack(bool moveOut=true);
          |                            ^~~~~~~~
    /tmp/pip-install-z55fb5hp/networkit/networkit/_NetworKit.cpp: In function int __pyx_pf_9networkit_10_NetworKit_9MaxClique___cinit__(__pyx_obj_9networkit_10_NetworKit_MaxClique*, __pyx_obj_9networkit_10_NetworKit_Graph*, PyObject*):
    /tmp/pip-install-z55fb5hp/networkit/networkit/_NetworKit.cpp:97834:25: warning: MaxClique is deprecated: Use MaximalCliques instead. [-Wdeprecated-declarations]
    97834 |   NetworKit::MaxClique *__pyx_t_2;
          |                         ^~~~~~~~~
    In file included from /tmp/pip-install-z55fb5hp/networkit/networkit/_NetworKit.cpp:754:
    /tmp/pip-install-z55fb5hp/networkit/networkit/cpp/clique/MaxClique.h:25:1: note: declared here
       25 | MaxClique {
          | ^~~~~~~~~
    /tmp/pip-install-z55fb5hp/networkit/networkit/_NetworKit.cpp:97859:32: warning: MaxClique is deprecated: Use MaximalCliques instead. [-Wdeprecated-declarations]
    97859 |     __pyx_t_2 = new NetworKit::MaxClique(__pyx_v_G->_this, __pyx_t_1);
          |                                ^~~~~~~~~
    In file included from /tmp/pip-install-z55fb5hp/networkit/networkit/_NetworKit.cpp:754:
    /tmp/pip-install-z55fb5hp/networkit/networkit/cpp/clique/MaxClique.h:25:1: note: declared here
       25 | MaxClique {
          | ^~~~~~~~~
    /tmp/pip-install-z55fb5hp/networkit/networkit/_NetworKit.cpp: In function PyObject* __pyx_tp_new_9networkit_10_NetworKit_Luby(PyTypeObject*, PyObject*, PyObject*):
    /tmp/pip-install-z55fb5hp/networkit/networkit/_NetworKit.cpp:137333:38: warning: Luby is deprecated [-Wdeprecated-declarations]
    137333 |   new((void*)&(p->_this)) NetworKit::Luby();
           |                                      ^~~~
    In file included from /tmp/pip-install-z55fb5hp/networkit/networkit/_NetworKit.cpp:616:
    /tmp/pip-install-z55fb5hp/networkit/networkit/cpp/independentset/Luby.h:22:1: note: declared here
       22 | Luby: public IndependentSetFinder {
          | ^~~~
    [100%] Linking CXX shared module _NetworKit.cpython-37m-x86_64-linux-gnu.so
    [100%] Built target _NetworKit
    Install the project...
    -- Install configuration: "Release"
    -- Installing: /tmp/pip-install-z55fb5hp/networkit/build/lib.linux-x86_64-3.7/./libnetworkit.so
    -- Installing: /tmp/pip-install-z55fb5hp/networkit/build/lib.linux-x86_64-3.7/./_NetworKit.cpython-37m-x86_64-linux-gnu.so
    -- Set runtime path of "/tmp/pip-install-z55fb5hp/networkit/build/lib.linux-x86_64-3.7/./_NetworKit.cpython-37m-x86_64-linux-gnu.so" to "$ORIGIN"
    -- Installing: /tmp/pip-install-z55fb5hp/networkit/build/lib.linux-x86_64-3.7/include/tlx
    -- Installing: /tmp/pip-install-z55fb5hp/networkit/build/lib.linux-x86_64-3.7/include/tlx/sort.hpp
    -- Installing: /tmp/pip-install-z55fb5hp/networkit/build/lib.linux-x86_64-3.7/include/tlx/sort
    -- Installing: /tmp/pip-install-z55fb5hp/networkit/build/lib.linux-x86_64-3.7/include/tlx/sort/strings
    -- Installing: /tmp/pip-install-z55fb5hp/networkit/build/lib.linux-x86_64-3.7/include/tlx/sort/strings/string_set.hpp
    -- Installing: /tmp/pip-install-z55fb5hp/networkit/build/lib.linux-x86_64-3.7/include/tlx/sort/strings/insertion_sort.hpp
    -- Installing: /tmp/pip-install-z55fb5hp/networkit/build/lib.linux-x86_64-3.7/include/tlx/sort/strings/radix_sort.hpp
    -- Installing: /tmp/pip-install-z55fb5hp/networkit/build/lib.linux-x86_64-3.7/include/tlx/sort/strings/multikey_quicksort.hpp
    -- Installing: /tmp/pip-install-z55fb5hp/networkit/build/lib.linux-x86_64-3.7/include/tlx/sort/strings.hpp
    -- Installing: /tmp/pip-install-z55fb5hp/networkit/build/lib.linux-x86_64-3.7/include/tlx/sort/parallel_mergesort.hpp
    -- Installing: /tmp/pip-install-z55fb5hp/networkit/build/lib.linux-x86_64-3.7/include/tlx/define
    -- Installing: /tmp/pip-install-z55fb5hp/networkit/build/lib.linux-x86_64-3.7/include/tlx/define/likely.hpp
    -- Installing: /tmp/pip-install-z55fb5hp/networkit/build/lib.linux-x86_64-3.7/include/tlx/define/deprecated.hpp
    -- Installing: /tmp/pip-install-z55fb5hp/networkit/build/lib.linux-x86_64-3.7/include/tlx/define/attribute_packed.hpp
    -- Installing: /tmp/pip-install-z55fb5hp/networkit/build/lib.linux-x86_64-3.7/include/tlx/define/endian.hpp
    -- Installing: /tmp/pip-install-z55fb5hp/networkit/build/lib.linux-x86_64-3.7/include/tlx/define/attribute_always_inline.hpp
    -- Installing: /tmp/pip-install-z55fb5hp/networkit/build/lib.linux-x86_64-3.7/include/tlx/define/attribute_format_printf.hpp
    -- Installing: /tmp/pip-install-z55fb5hp/networkit/build/lib.linux-x86_64-3.7/include/tlx/define/attribute_warn_unused_result.hpp
    -- Installing: /tmp/pip-install-z55fb5hp/networkit/build/lib.linux-x86_64-3.7/include/tlx/define/attribute_fallthrough.hpp
    -- Installing: /tmp/pip-install-z55fb5hp/networkit/build/lib.linux-x86_64-3.7/include/tlx/math.hpp
    -- Installing: /tmp/pip-install-z55fb5hp/networkit/build/lib.linux-x86_64-3.7/include/tlx/version.hpp
    -- Installing: /tmp/pip-install-z55fb5hp/networkit/build/lib.linux-x86_64-3.7/include/tlx/algorithm.hpp
    -- Installing: /tmp/pip-install-z55fb5hp/networkit/build/lib.linux-x86_64-3.7/include/tlx/container.hpp
    -- Installing: /tmp/pip-install-z55fb5hp/networkit/build/lib.linux-x86_64-3.7/include/tlx/meta.hpp
    -- Installing: /tmp/pip-install-z55fb5hp/networkit/build/lib.linux-x86_64-3.7/include/tlx/semaphore.hpp
    -- Installing: /tmp/pip-install-z55fb5hp/networkit/build/lib.linux-x86_64-3.7/include/tlx/unused.hpp
    -- Installing: /tmp/pip-install-z55fb5hp/networkit/build/lib.linux-x86_64-3.7/include/tlx/die.hpp
    -- Installing: /tmp/pip-install-z55fb5hp/networkit/build/lib.linux-x86_64-3.7/include/tlx/container
    -- Installing: /tmp/pip-install-z55fb5hp/networkit/build/lib.linux-x86_64-3.7/include/tlx/container/btree_multiset.hpp
    -- Installing: /tmp/pip-install-z55fb5hp/networkit/build/lib.linux-x86_64-3.7/include/tlx/container/radix_heap.hpp
    -- Installing: /tmp/pip-install-z55fb5hp/networkit/build/lib.linux-x86_64-3.7/include/tlx/container/btree.hpp
    -- Installing: /tmp/pip-install-z55fb5hp/networkit/build/lib.linux-x86_64-3.7/include/tlx/container/btree_multimap.hpp
    -- Installing: /tmp/pip-install-z55fb5hp/networkit/build/lib.linux-x86_64-3.7/include/tlx/container/loser_tree.hpp
    -- Installing: /tmp/pip-install-z55fb5hp/networkit/build/lib.linux-x86_64-3.7/include/tlx/container/lru_cache.hpp
    -- Installing: /tmp/pip-install-z55fb5hp/networkit/build/lib.linux-x86_64-3.7/include/tlx/container/btree_map.hpp
    -- Installing: /tmp/pip-install-z55fb5hp/networkit/build/lib.linux-x86_64-3.7/include/tlx/container/simple_vector.hpp
    -- Installing: /tmp/pip-install-z55fb5hp/networkit/build/lib.linux-x86_64-3.7/include/tlx/container/ring_buffer.hpp
    -- Installing: /tmp/pip-install-z55fb5hp/networkit/build/lib.linux-x86_64-3.7/include/tlx/container/btree_set.hpp
    -- Installing: /tmp/pip-install-z55fb5hp/networkit/build/lib.linux-x86_64-3.7/include/tlx/digest.hpp
    -- Installing: /tmp/pip-install-z55fb5hp/networkit/build/lib.linux-x86_64-3.7/include/tlx/cmdline_parser.hpp
    -- Installing: /tmp/pip-install-z55fb5hp/networkit/build/lib.linux-x86_64-3.7/include/tlx/stack_allocator.hpp
    -- Installing: /tmp/pip-install-z55fb5hp/networkit/build/lib.linux-x86_64-3.7/include/tlx/port
    -- Installing: /tmp/pip-install-z55fb5hp/networkit/build/lib.linux-x86_64-3.7/include/tlx/port/setenv.hpp
    -- Installing: /tmp/pip-install-z55fb5hp/networkit/build/lib.linux-x86_64-3.7/include/tlx/die
    -- Installing: /tmp/pip-install-z55fb5hp/networkit/build/lib.linux-x86_64-3.7/include/tlx/die/core.hpp
    -- Installing: /tmp/pip-install-z55fb5hp/networkit/build/lib.linux-x86_64-3.7/include/tlx/define.hpp
    -- Installing: /tmp/pip-install-z55fb5hp/networkit/build/lib.linux-x86_64-3.7/include/tlx/logger
    -- Installing: /tmp/pip-install-z55fb5hp/networkit/build/lib.linux-x86_64-3.7/include/tlx/logger/deque.hpp
    -- Installing: /tmp/pip-install-z55fb5hp/networkit/build/lib.linux-x86_64-3.7/include/tlx/logger/array.hpp
    -- Installing: /tmp/pip-install-z55fb5hp/networkit/build/lib.linux-x86_64-3.7/include/tlx/logger/map.hpp
    -- Installing: /tmp/pip-install-z55fb5hp/networkit/build/lib.linux-x86_64-3.7/include/tlx/logger/unordered_map.hpp
    -- Installing: /tmp/pip-install-z55fb5hp/networkit/build/lib.linux-x86_64-3.7/include/tlx/logger/set.hpp
    -- Installing: /tmp/pip-install-z55fb5hp/networkit/build/lib.linux-x86_64-3.7/include/tlx/logger/tuple.hpp
    -- Installing: /tmp/pip-install-z55fb5hp/networkit/build/lib.linux-x86_64-3.7/include/tlx/logger/core.hpp
    -- Installing: /tmp/pip-install-z55fb5hp/networkit/build/lib.linux-x86_64-3.7/include/tlx/logger/unordered_set.hpp
    -- Installing: /tmp/pip-install-z55fb5hp/networkit/build/lib.linux-x86_64-3.7/include/tlx/logger/all.hpp
    -- Installing: /tmp/pip-install-z55fb5hp/networkit/build/lib.linux-x86_64-3.7/include/tlx/siphash.hpp
    -- Installing: /tmp/pip-install-z55fb5hp/networkit/build/lib.linux-x86_64-3.7/include/tlx/allocator_base.hpp
    -- Installing: /tmp/pip-install-z55fb5hp/networkit/build/lib.linux-x86_64-3.7/include/tlx/port.hpp
    -- Installing: /tmp/pip-install-z55fb5hp/networkit/build/lib.linux-x86_64-3.7/include/tlx/logger.hpp
    -- Installing: /tmp/pip-install-z55fb5hp/networkit/build/lib.linux-x86_64-3.7/include/tlx/counting_ptr.hpp
    -- Installing: /tmp/pip-install-z55fb5hp/networkit/build/lib.linux-x86_64-3.7/include/tlx/meta
    -- Installing: /tmp/pip-install-z55fb5hp/networkit/build/lib.linux-x86_64-3.7/include/tlx/meta/is_std_array.hpp
    -- Installing: /tmp/pip-install-z55fb5hp/networkit/build/lib.linux-x86_64-3.7/include/tlx/meta/vmap_for_range.hpp
    -- Installing: /tmp/pip-install-z55fb5hp/networkit/build/lib.linux-x86_64-3.7/include/tlx/meta/vmap_foreach_with_index.hpp
    -- Installing: /tmp/pip-install-z55fb5hp/networkit/build/lib.linux-x86_64-3.7/include/tlx/meta/function_stack.hpp
    -- Installing: /tmp/pip-install-z55fb5hp/networkit/build/lib.linux-x86_64-3.7/include/tlx/meta/vmap_foreach.hpp
    -- Installing: /tmp/pip-install-z55fb5hp/networkit/build/lib.linux-x86_64-3.7/include/tlx/meta/apply_tuple.hpp
    -- Installing: /tmp/pip-install-z55fb5hp/networkit/build/lib.linux-x86_64-3.7/include/tlx/meta/has_member.hpp
    -- Installing: /tmp/pip-install-z55fb5hp/networkit/build/lib.linux-x86_64-3.7/include/tlx/meta/fold_right_tuple.hpp
    -- Installing: /tmp/pip-install-z55fb5hp/networkit/build/lib.linux-x86_64-3.7/include/tlx/meta/is_std_vector.hpp
    -- Installing: /tmp/pip-install-z55fb5hp/networkit/build/lib.linux-x86_64-3.7/include/tlx/meta/is_std_tuple.hpp
    -- Installing: /tmp/pip-install-z55fb5hp/networkit/build/lib.linux-x86_64-3.7/include/tlx/meta/index_sequence.hpp
    -- Installing: /tmp/pip-install-z55fb5hp/networkit/build/lib.linux-x86_64-3.7/include/tlx/meta/has_method.hpp
    -- Installing: /tmp/pip-install-z55fb5hp/networkit/build/lib.linux-x86_64-3.7/include/tlx/meta/vmap_foreach_tuple_with_index.hpp
    -- Installing: /tmp/pip-install-z55fb5hp/networkit/build/lib.linux-x86_64-3.7/include/tlx/meta/function_chain.hpp
    -- Installing: /tmp/pip-install-z55fb5hp/networkit/build/lib.linux-x86_64-3.7/include/tlx/meta/fold_left.hpp
    -- Installing: /tmp/pip-install-z55fb5hp/networkit/build/lib.linux-x86_64-3.7/include/tlx/meta/vmap_foreach_tuple.hpp
    -- Installing: /tmp/pip-install-z55fb5hp/networkit/build/lib.linux-x86_64-3.7/include/tlx/meta/static_index.hpp
    -- Installing: /tmp/pip-install-z55fb5hp/networkit/build/lib.linux-x86_64-3.7/include/tlx/meta/is_std_pair.hpp
    -- Installing: /tmp/pip-install-z55fb5hp/networkit/build/lib.linux-x86_64-3.7/include/tlx/meta/call_foreach_tuple.hpp
    -- Installing: /tmp/pip-install-z55fb5hp/networkit/build/lib.linux-x86_64-3.7/include/tlx/meta/call_foreach_with_index.hpp
    -- Installing: /tmp/pip-install-z55fb5hp/networkit/build/lib.linux-x86_64-3.7/include/tlx/meta/call_for_range.hpp
    -- Installing: /tmp/pip-install-z55fb5hp/networkit/build/lib.linux-x86_64-3.7/include/tlx/meta/vexpand.hpp
    -- Installing: /tmp/pip-install-z55fb5hp/networkit/build/lib.linux-x86_64-3.7/include/tlx/meta/log2.hpp
    -- Installing: /tmp/pip-install-z55fb5hp/networkit/build/lib.linux-x86_64-3.7/include/tlx/meta/call_foreach.hpp
    -- Installing: /tmp/pip-install-z55fb5hp/networkit/build/lib.linux-x86_64-3.7/include/tlx/meta/fold_left_tuple.hpp
    -- Installing: /tmp/pip-install-z55fb5hp/networkit/build/lib.linux-x86_64-3.7/include/tlx/meta/fold_right.hpp
    -- Installing: /tmp/pip-install-z55fb5hp/networkit/build/lib.linux-x86_64-3.7/include/tlx/meta/call_foreach_tuple_with_index.hpp
    -- Installing: /tmp/pip-install-z55fb5hp/networkit/build/lib.linux-x86_64-3.7/include/tlx/math
    -- Installing: /tmp/pip-install-z55fb5hp/networkit/build/lib.linux-x86_64-3.7/include/tlx/math/bswap_le.hpp
    -- Installing: /tmp/pip-install-z55fb5hp/networkit/build/lib.linux-x86_64-3.7/include/tlx/math/round_to_power_of_two.hpp
    -- Installing: /tmp/pip-install-z55fb5hp/networkit/build/lib.linux-x86_64-3.7/include/tlx/math/clz.hpp
    -- Installing: /tmp/pip-install-z55fb5hp/networkit/build/lib.linux-x86_64-3.7/include/tlx/math/is_power_of_two.hpp
    -- Installing: /tmp/pip-install-z55fb5hp/networkit/build/lib.linux-x86_64-3.7/include/tlx/math/integer_log2.hpp
    -- Installing: /tmp/pip-install-z55fb5hp/networkit/build/lib.linux-x86_64-3.7/include/tlx/math/ffs.hpp
    -- Installing: /tmp/pip-install-z55fb5hp/networkit/build/lib.linux-x86_64-3.7/include/tlx/math/bswap_be.hpp
    -- Installing: /tmp/pip-install-z55fb5hp/networkit/build/lib.linux-x86_64-3.7/include/tlx/math/ror.hpp
    -- Installing: /tmp/pip-install-z55fb5hp/networkit/build/lib.linux-x86_64-3.7/include/tlx/math/bswap.hpp
    -- Installing: /tmp/pip-install-z55fb5hp/networkit/build/lib.linux-x86_64-3.7/include/tlx/math/div_ceil.hpp
    -- Installing: /tmp/pip-install-z55fb5hp/networkit/build/lib.linux-x86_64-3.7/include/tlx/math/rol.hpp
    -- Installing: /tmp/pip-install-z55fb5hp/networkit/build/lib.linux-x86_64-3.7/include/tlx/math/abs_diff.hpp
    -- Installing: /tmp/pip-install-z55fb5hp/networkit/build/lib.linux-x86_64-3.7/include/tlx/string
    -- Installing: /tmp/pip-install-z55fb5hp/networkit/build/lib.linux-x86_64-3.7/include/tlx/string/split_quoted.hpp
    -- Installing: /tmp/pip-install-z55fb5hp/networkit/build/lib.linux-x86_64-3.7/include/tlx/string/split.hpp
    -- Installing: /tmp/pip-install-z55fb5hp/networkit/build/lib.linux-x86_64-3.7/include/tlx/string/contains.hpp
    -- Installing: /tmp/pip-install-z55fb5hp/networkit/build/lib.linux-x86_64-3.7/include/tlx/string/format_si_iec_units.hpp
    -- Installing: /tmp/pip-install-z55fb5hp/networkit/build/lib.linux-x86_64-3.7/include/tlx/string/less_icase.hpp
    -- Installing: /tmp/pip-install-z55fb5hp/networkit/build/lib.linux-x86_64-3.7/include/tlx/string/pad.hpp
    -- Installing: /tmp/pip-install-z55fb5hp/networkit/build/lib.linux-x86_64-3.7/include/tlx/string/to_lower.hpp
    -- Installing: /tmp/pip-install-z55fb5hp/networkit/build/lib.linux-x86_64-3.7/include/tlx/string/ends_with.hpp
    -- Installing: /tmp/pip-install-z55fb5hp/networkit/build/lib.linux-x86_64-3.7/include/tlx/string/hexdump.hpp
    -- Installing: /tmp/pip-install-z55fb5hp/networkit/build/lib.linux-x86_64-3.7/include/tlx/string/join_quoted.hpp
    -- Installing: /tmp/pip-install-z55fb5hp/networkit/build/lib.linux-x86_64-3.7/include/tlx/string/escape_html.hpp
    -- Installing: /tmp/pip-install-z55fb5hp/networkit/build/lib.linux-x86_64-3.7/include/tlx/string/extract_between.hpp
    -- Installing: /tmp/pip-install-z55fb5hp/networkit/build/lib.linux-x86_64-3.7/include/tlx/string/expand_environment_variables.hpp
    -- Installing: /tmp/pip-install-z55fb5hp/networkit/build/lib.linux-x86_64-3.7/include/tlx/string/equal_icase.hpp
    -- Installing: /tmp/pip-install-z55fb5hp/networkit/build/lib.linux-x86_64-3.7/include/tlx/string/trim.hpp
    -- Installing: /tmp/pip-install-z55fb5hp/networkit/build/lib.linux-x86_64-3.7/include/tlx/string/replace.hpp
    -- Installing: /tmp/pip-install-z55fb5hp/networkit/build/lib.linux-x86_64-3.7/include/tlx/string/index_of.hpp
    -- Installing: /tmp/pip-install-z55fb5hp/networkit/build/lib.linux-x86_64-3.7/include/tlx/string/join_generic.hpp
    -- Installing: /tmp/pip-install-z55fb5hp/networkit/build/lib.linux-x86_64-3.7/include/tlx/string/join.hpp
    -- Installing: /tmp/pip-install-z55fb5hp/networkit/build/lib.linux-x86_64-3.7/include/tlx/string/base64.hpp
    -- Installing: /tmp/pip-install-z55fb5hp/networkit/build/lib.linux-x86_64-3.7/include/tlx/string/erase_all.hpp
    -- Installing: /tmp/pip-install-z55fb5hp/networkit/build/lib.linux-x86_64-3.7/include/tlx/string/split_words.hpp
    -- Installing: /tmp/pip-install-z55fb5hp/networkit/build/lib.linux-x86_64-3.7/include/tlx/string/starts_with.hpp
    -- Installing: /tmp/pip-install-z55fb5hp/networkit/build/lib.linux-x86_64-3.7/include/tlx/string/compare_icase.hpp
    -- Installing: /tmp/pip-install-z55fb5hp/networkit/build/lib.linux-x86_64-3.7/include/tlx/string/word_wrap.hpp
    -- Installing: /tmp/pip-install-z55fb5hp/networkit/build/lib.linux-x86_64-3.7/include/tlx/string/union_words.hpp
    -- Installing: /tmp/pip-install-z55fb5hp/networkit/build/lib.linux-x86_64-3.7/include/tlx/string/escape_uri.hpp
    -- Installing: /tmp/pip-install-z55fb5hp/networkit/build/lib.linux-x86_64-3.7/include/tlx/string/parse_si_iec_units.hpp
    -- Installing: /tmp/pip-install-z55fb5hp/networkit/build/lib.linux-x86_64-3.7/include/tlx/string/contains_word.hpp
    -- Installing: /tmp/pip-install-z55fb5hp/networkit/build/lib.linux-x86_64-3.7/include/tlx/string/to_upper.hpp
    -- Installing: /tmp/pip-install-z55fb5hp/networkit/build/lib.linux-x86_64-3.7/include/tlx/algorithm
    -- Installing: /tmp/pip-install-z55fb5hp/networkit/build/lib.linux-x86_64-3.7/include/tlx/algorithm/merge_combine.hpp
    -- Installing: /tmp/pip-install-z55fb5hp/networkit/build/lib.linux-x86_64-3.7/include/tlx/algorithm/multiway_merge_splitting.hpp
    -- Installing: /tmp/pip-install-z55fb5hp/networkit/build/lib.linux-x86_64-3.7/include/tlx/algorithm/exclusive_scan.hpp
    -- Installing: /tmp/pip-install-z55fb5hp/networkit/build/lib.linux-x86_64-3.7/include/tlx/algorithm/multiway_merge.hpp
    -- Installing: /tmp/pip-install-z55fb5hp/networkit/build/lib.linux-x86_64-3.7/include/tlx/algorithm/random_bipartition_shuffle.hpp
    -- Installing: /tmp/pip-install-z55fb5hp/networkit/build/lib.linux-x86_64-3.7/include/tlx/algorithm/is_sorted_cmp.hpp
    -- Installing: /tmp/pip-install-z55fb5hp/networkit/build/lib.linux-x86_64-3.7/include/tlx/algorithm/parallel_multiway_merge.hpp
    -- Installing: /tmp/pip-install-z55fb5hp/networkit/build/lib.linux-x86_64-3.7/include/tlx/algorithm/multisequence_partition.hpp
    -- Installing: /tmp/pip-install-z55fb5hp/networkit/build/lib.linux-x86_64-3.7/include/tlx/algorithm/multisequence_selection.hpp
    -- Installing: /tmp/pip-install-z55fb5hp/networkit/build/lib.linux-x86_64-3.7/include/tlx/algorithm/merge_advance.hpp
    -- Installing: /tmp/pip-install-z55fb5hp/networkit/build/lib.linux-x86_64-3.7/include/tlx/simple_vector.hpp
    -- Installing: /tmp/pip-install-z55fb5hp/networkit/build/lib.linux-x86_64-3.7/include/tlx/delegate.hpp
    -- Installing: /tmp/pip-install-z55fb5hp/networkit/build/lib.linux-x86_64-3.7/include/tlx/string.hpp
    -- Installing: /tmp/pip-install-z55fb5hp/networkit/build/lib.linux-x86_64-3.7/include/tlx/backtrace.hpp
    -- Installing: /tmp/pip-install-z55fb5hp/networkit/build/lib.linux-x86_64-3.7/include/tlx/thread_pool.hpp
    -- Installing: /tmp/pip-install-z55fb5hp/networkit/build/lib.linux-x86_64-3.7/include/tlx/digest
    -- Installing: /tmp/pip-install-z55fb5hp/networkit/build/lib.linux-x86_64-3.7/include/tlx/digest/md5.hpp
    -- Installing: /tmp/pip-install-z55fb5hp/networkit/build/lib.linux-x86_64-3.7/include/tlx/digest/sha512.hpp
    -- Installing: /tmp/pip-install-z55fb5hp/networkit/build/lib.linux-x86_64-3.7/include/tlx/digest/sha256.hpp
    -- Installing: /tmp/pip-install-z55fb5hp/networkit/build/lib.linux-x86_64-3.7/include/tlx/digest/sha1.hpp
    -- Installing: /tmp/pip-install-z55fb5hp/networkit/build/lib.linux-x86_64-3.7/lib/cmake/tlx/tlx-version.cmake
    -- Installing: /tmp/pip-install-z55fb5hp/networkit/build/lib.linux-x86_64-3.7/lib/cmake/tlx/tlx-config.cmake
    -- Installing: /tmp/pip-install-z55fb5hp/networkit/build/lib.linux-x86_64-3.7/lib/cmake/tlx/tlx-targets.cmake
    -- Installing: /tmp/pip-install-z55fb5hp/networkit/build/lib.linux-x86_64-3.7/lib/cmake/tlx/tlx-targets-release.cmake
    -- Installing: /tmp/pip-install-z55fb5hp/networkit/build/lib.linux-x86_64-3.7/lib/pkgconfig/tlx.pc
    -- Installing: /tmp/pip-install-z55fb5hp/networkit/build/lib.linux-x86_64-3.7/lib/libtlx.a
    running install_lib
    creating /venv/lib64/python3.7/site-packages/networkit
    copying build/lib.linux-x86_64-3.7/networkit/__init__.py -> /venv/lib64/python3.7/site-packages/networkit
    copying build/lib.linux-x86_64-3.7/networkit/matching.py -> /venv/lib64/python3.7/site-packages/networkit
    copying build/lib.linux-x86_64-3.7/networkit/scd.py -> /venv/lib64/python3.7/site-packages/networkit
    copying build/lib.linux-x86_64-3.7/networkit/linkprediction.py -> /venv/lib64/python3.7/site-packages/networkit
    copying build/lib.linux-x86_64-3.7/networkit/generators.py -> /venv/lib64/python3.7/site-packages/networkit
    copying build/lib.linux-x86_64-3.7/networkit/coloring.py -> /venv/lib64/python3.7/site-packages/networkit
    copying build/lib.linux-x86_64-3.7/networkit/plot.py -> /venv/lib64/python3.7/site-packages/networkit
    copying build/lib.linux-x86_64-3.7/networkit/GEXFIO.py -> /venv/lib64/python3.7/site-packages/networkit
    copying build/lib.linux-x86_64-3.7/networkit/distance.py -> /venv/lib64/python3.7/site-packages/networkit
    copying build/lib.linux-x86_64-3.7/networkit/clique.py -> /venv/lib64/python3.7/site-packages/networkit
    copying build/lib.linux-x86_64-3.7/networkit/simulation.py -> /venv/lib64/python3.7/site-packages/networkit
    copying build/lib.linux-x86_64-3.7/networkit/engineering.py -> /venv/lib64/python3.7/site-packages/networkit
    copying build/lib.linux-x86_64-3.7/networkit/viz.py -> /venv/lib64/python3.7/site-packages/networkit
    creating /venv/lib64/python3.7/site-packages/networkit/test
    copying build/lib.linux-x86_64-3.7/networkit/test/__init__.py -> /venv/lib64/python3.7/site-packages/networkit/test
    copying build/lib.linux-x86_64-3.7/networkit/test/test_randomization.py -> /venv/lib64/python3.7/site-packages/networkit/test
    copying build/lib.linux-x86_64-3.7/networkit/test/test_community.py -> /venv/lib64/python3.7/site-packages/networkit/test
    copying build/lib.linux-x86_64-3.7/networkit/test/test_graphio.py -> /venv/lib64/python3.7/site-packages/networkit/test
    copying build/lib.linux-x86_64-3.7/networkit/test/test_sparsification.py -> /venv/lib64/python3.7/site-packages/networkit/test
    creating /venv/lib64/python3.7/site-packages/networkit/test/extension
    copying build/lib.linux-x86_64-3.7/networkit/test/extension/__init__.py -> /venv/lib64/python3.7/site-packages/networkit/test/extension
    copying build/lib.linux-x86_64-3.7/networkit/test/extension/test.py -> /venv/lib64/python3.7/site-packages/networkit/test/extension
    copying build/lib.linux-x86_64-3.7/networkit/test/test_algorithms.py -> /venv/lib64/python3.7/site-packages/networkit/test
    creating /venv/lib64/python3.7/site-packages/networkit/test/gephi
    copying build/lib.linux-x86_64-3.7/networkit/test/gephi/__init__.py -> /venv/lib64/python3.7/site-packages/networkit/test/gephi
    copying build/lib.linux-x86_64-3.7/networkit/coarsening.py -> /venv/lib64/python3.7/site-packages/networkit
    copying build/lib.linux-x86_64-3.7/networkit/graphio.py -> /venv/lib64/python3.7/site-packages/networkit
    copying build/lib.linux-x86_64-3.7/networkit/centrality.py -> /venv/lib64/python3.7/site-packages/networkit
    copying build/lib.linux-x86_64-3.7/networkit/stopwatch.py -> /venv/lib64/python3.7/site-packages/networkit
    copying build/lib.linux-x86_64-3.7/networkit/nxadapter.py -> /venv/lib64/python3.7/site-packages/networkit
    copying build/lib.linux-x86_64-3.7/networkit/flow.py -> /venv/lib64/python3.7/site-packages/networkit
    copying build/lib.linux-x86_64-3.7/networkit/GraphMLIO.py -> /venv/lib64/python3.7/site-packages/networkit
    copying build/lib.linux-x86_64-3.7/networkit/structures.py -> /venv/lib64/python3.7/site-packages/networkit
    copying build/lib.linux-x86_64-3.7/networkit/sparsification.py -> /venv/lib64/python3.7/site-packages/networkit
    copying build/lib.linux-x86_64-3.7/networkit/globals.py -> /venv/lib64/python3.7/site-packages/networkit
    copying build/lib.linux-x86_64-3.7/networkit/sampling.py -> /venv/lib64/python3.7/site-packages/networkit
    copying build/lib.linux-x86_64-3.7/networkit/community.py -> /venv/lib64/python3.7/site-packages/networkit
    copying build/lib.linux-x86_64-3.7/networkit/viztasks.py -> /venv/lib64/python3.7/site-packages/networkit
    copying build/lib.linux-x86_64-3.7/networkit/workflows.py -> /venv/lib64/python3.7/site-packages/networkit
    creating /venv/lib64/python3.7/site-packages/networkit/gephi
    copying build/lib.linux-x86_64-3.7/networkit/gephi/__init__.py -> /venv/lib64/python3.7/site-packages/networkit/gephi
    copying build/lib.linux-x86_64-3.7/networkit/gephi/pyclient.py -> /venv/lib64/python3.7/site-packages/networkit/gephi
    copying build/lib.linux-x86_64-3.7/networkit/gephi/streaming.py -> /venv/lib64/python3.7/site-packages/networkit/gephi
    copying build/lib.linux-x86_64-3.7/networkit/gephi/csv.py -> /venv/lib64/python3.7/site-packages/networkit/gephi
    copying build/lib.linux-x86_64-3.7/networkit/components.py -> /venv/lib64/python3.7/site-packages/networkit
    creating /venv/lib64/python3.7/site-packages/networkit/profiling
    copying build/lib.linux-x86_64-3.7/networkit/profiling/__init__.py -> /venv/lib64/python3.7/site-packages/networkit/profiling
    creating /venv/lib64/python3.7/site-packages/networkit/profiling/description
    copying build/lib.linux-x86_64-3.7/networkit/profiling/description/descriptions.txt -> /venv/lib64/python3.7/site-packages/networkit/profiling/description
    copying build/lib.linux-x86_64-3.7/networkit/profiling/multiprocessing_helper.py -> /venv/lib64/python3.7/site-packages/networkit/profiling
    copying build/lib.linux-x86_64-3.7/networkit/profiling/plot.py -> /venv/lib64/python3.7/site-packages/networkit/profiling
    copying build/lib.linux-x86_64-3.7/networkit/profiling/profiling.py -> /venv/lib64/python3.7/site-packages/networkit/profiling
    copying build/lib.linux-x86_64-3.7/networkit/profiling/stat.py -> /venv/lib64/python3.7/site-packages/networkit/profiling
    creating /venv/lib64/python3.7/site-packages/networkit/profiling/latex
    copying build/lib.linux-x86_64-3.7/networkit/profiling/latex/measure.tex -> /venv/lib64/python3.7/site-packages/networkit/profiling/latex
    copying build/lib.linux-x86_64-3.7/networkit/profiling/latex/profile.tex -> /venv/lib64/python3.7/site-packages/networkit/profiling/latex
    copying build/lib.linux-x86_64-3.7/networkit/profiling/job.py -> /venv/lib64/python3.7/site-packages/networkit/profiling
    creating /venv/lib64/python3.7/site-packages/networkit/profiling/html
    copying build/lib.linux-x86_64-3.7/networkit/profiling/html/profiling.js -> /venv/lib64/python3.7/site-packages/networkit/profiling/html
    copying build/lib.linux-x86_64-3.7/networkit/profiling/html/overlay.html -> /venv/lib64/python3.7/site-packages/networkit/profiling/html
    copying build/lib.linux-x86_64-3.7/networkit/profiling/html/profile.html -> /venv/lib64/python3.7/site-packages/networkit/profiling/html
    copying build/lib.linux-x86_64-3.7/networkit/profiling/html/profiling.css -> /venv/lib64/python3.7/site-packages/networkit/profiling/html
    copying build/lib.linux-x86_64-3.7/networkit/profiling/html/measure.html -> /venv/lib64/python3.7/site-packages/networkit/profiling/html
    copying build/lib.linux-x86_64-3.7/networkit/randomization.py -> /venv/lib64/python3.7/site-packages/networkit
    copying build/lib.linux-x86_64-3.7/networkit/dynamic.py -> /venv/lib64/python3.7/site-packages/networkit
    copying build/lib.linux-x86_64-3.7/networkit/stats.py -> /venv/lib64/python3.7/site-packages/networkit
    copying build/lib.linux-x86_64-3.7/networkit/correlation.py -> /venv/lib64/python3.7/site-packages/networkit
    copying build/lib.linux-x86_64-3.7/networkit/algebraic.py -> /venv/lib64/python3.7/site-packages/networkit
    copying build/lib.linux-x86_64-3.7/networkit/graph.py -> /venv/lib64/python3.7/site-packages/networkit
    copying build/lib.linux-x86_64-3.7/networkit/partitioning.py -> /venv/lib64/python3.7/site-packages/networkit
    copying build/lib.linux-x86_64-3.7/_NetworKit.cpython-37m-x86_64-linux-gnu.so -> /venv/lib64/python3.7/site-packages
    creating /venv/lib64/python3.7/site-packages/lib
    creating /venv/lib64/python3.7/site-packages/lib/cmake
    creating /venv/lib64/python3.7/site-packages/lib/cmake/tlx
    copying build/lib.linux-x86_64-3.7/lib/cmake/tlx/tlx-targets-release.cmake -> /venv/lib64/python3.7/site-packages/lib/cmake/tlx
    copying build/lib.linux-x86_64-3.7/lib/cmake/tlx/tlx-version.cmake -> /venv/lib64/python3.7/site-packages/lib/cmake/tlx
    copying build/lib.linux-x86_64-3.7/lib/cmake/tlx/tlx-targets.cmake -> /venv/lib64/python3.7/site-packages/lib/cmake/tlx
    copying build/lib.linux-x86_64-3.7/lib/cmake/tlx/tlx-config.cmake -> /venv/lib64/python3.7/site-packages/lib/cmake/tlx
    copying build/lib.linux-x86_64-3.7/lib/libtlx.a -> /venv/lib64/python3.7/site-packages/lib
    creating /venv/lib64/python3.7/site-packages/lib/pkgconfig
    copying build/lib.linux-x86_64-3.7/lib/pkgconfig/tlx.pc -> /venv/lib64/python3.7/site-packages/lib/pkgconfig
    copying build/lib.linux-x86_64-3.7/libnetworkit.so -> /venv/lib64/python3.7/site-packages
    creating /venv/lib64/python3.7/site-packages/include
    creating /venv/lib64/python3.7/site-packages/include/tlx
    copying build/lib.linux-x86_64-3.7/include/tlx/sort.hpp -> /venv/lib64/python3.7/site-packages/include/tlx
    creating /venv/lib64/python3.7/site-packages/include/tlx/sort
    creating /venv/lib64/python3.7/site-packages/include/tlx/sort/strings
    copying build/lib.linux-x86_64-3.7/include/tlx/sort/strings/string_set.hpp -> /venv/lib64/python3.7/site-packages/include/tlx/sort/strings
    copying build/lib.linux-x86_64-3.7/include/tlx/sort/strings/insertion_sort.hpp -> /venv/lib64/python3.7/site-packages/include/tlx/sort/strings
    copying build/lib.linux-x86_64-3.7/include/tlx/sort/strings/radix_sort.hpp -> /venv/lib64/python3.7/site-packages/include/tlx/sort/strings
    copying build/lib.linux-x86_64-3.7/include/tlx/sort/strings/multikey_quicksort.hpp -> /venv/lib64/python3.7/site-packages/include/tlx/sort/strings
    copying build/lib.linux-x86_64-3.7/include/tlx/sort/strings.hpp -> /venv/lib64/python3.7/site-packages/include/tlx/sort
    copying build/lib.linux-x86_64-3.7/include/tlx/sort/parallel_mergesort.hpp -> /venv/lib64/python3.7/site-packages/include/tlx/sort
    creating /venv/lib64/python3.7/site-packages/include/tlx/define
    copying build/lib.linux-x86_64-3.7/include/tlx/define/likely.hpp -> /venv/lib64/python3.7/site-packages/include/tlx/define
    copying build/lib.linux-x86_64-3.7/include/tlx/define/deprecated.hpp -> /venv/lib64/python3.7/site-packages/include/tlx/define
    copying build/lib.linux-x86_64-3.7/include/tlx/define/attribute_packed.hpp -> /venv/lib64/python3.7/site-packages/include/tlx/define
    copying build/lib.linux-x86_64-3.7/include/tlx/define/endian.hpp -> /venv/lib64/python3.7/site-packages/include/tlx/define
    copying build/lib.linux-x86_64-3.7/include/tlx/define/attribute_always_inline.hpp -> /venv/lib64/python3.7/site-packages/include/tlx/define
    copying build/lib.linux-x86_64-3.7/include/tlx/define/attribute_format_printf.hpp -> /venv/lib64/python3.7/site-packages/include/tlx/define
    copying build/lib.linux-x86_64-3.7/include/tlx/define/attribute_warn_unused_result.hpp -> /venv/lib64/python3.7/site-packages/include/tlx/define
    copying build/lib.linux-x86_64-3.7/include/tlx/define/attribute_fallthrough.hpp -> /venv/lib64/python3.7/site-packages/include/tlx/define
    copying build/lib.linux-x86_64-3.7/include/tlx/math.hpp -> /venv/lib64/python3.7/site-packages/include/tlx
    copying build/lib.linux-x86_64-3.7/include/tlx/version.hpp -> /venv/lib64/python3.7/site-packages/include/tlx
    copying build/lib.linux-x86_64-3.7/include/tlx/algorithm.hpp -> /venv/lib64/python3.7/site-packages/include/tlx
    copying build/lib.linux-x86_64-3.7/include/tlx/container.hpp -> /venv/lib64/python3.7/site-packages/include/tlx
    copying build/lib.linux-x86_64-3.7/include/tlx/meta.hpp -> /venv/lib64/python3.7/site-packages/include/tlx
    copying build/lib.linux-x86_64-3.7/include/tlx/semaphore.hpp -> /venv/lib64/python3.7/site-packages/include/tlx
    copying build/lib.linux-x86_64-3.7/include/tlx/unused.hpp -> /venv/lib64/python3.7/site-packages/include/tlx
    copying build/lib.linux-x86_64-3.7/include/tlx/die.hpp -> /venv/lib64/python3.7/site-packages/include/tlx
    creating /venv/lib64/python3.7/site-packages/include/tlx/container
    copying build/lib.linux-x86_64-3.7/include/tlx/container/btree_multiset.hpp -> /venv/lib64/python3.7/site-packages/include/tlx/container
    copying build/lib.linux-x86_64-3.7/include/tlx/container/radix_heap.hpp -> /venv/lib64/python3.7/site-packages/include/tlx/container
    copying build/lib.linux-x86_64-3.7/include/tlx/container/btree.hpp -> /venv/lib64/python3.7/site-packages/include/tlx/container
    copying build/lib.linux-x86_64-3.7/include/tlx/container/btree_multimap.hpp -> /venv/lib64/python3.7/site-packages/include/tlx/container
    copying build/lib.linux-x86_64-3.7/include/tlx/container/loser_tree.hpp -> /venv/lib64/python3.7/site-packages/include/tlx/container
    copying build/lib.linux-x86_64-3.7/include/tlx/container/lru_cache.hpp -> /venv/lib64/python3.7/site-packages/include/tlx/container
    copying build/lib.linux-x86_64-3.7/include/tlx/container/btree_map.hpp -> /venv/lib64/python3.7/site-packages/include/tlx/container
    copying build/lib.linux-x86_64-3.7/include/tlx/container/simple_vector.hpp -> /venv/lib64/python3.7/site-packages/include/tlx/container
    copying build/lib.linux-x86_64-3.7/include/tlx/container/ring_buffer.hpp -> /venv/lib64/python3.7/site-packages/include/tlx/container
    copying build/lib.linux-x86_64-3.7/include/tlx/container/btree_set.hpp -> /venv/lib64/python3.7/site-packages/include/tlx/container
    copying build/lib.linux-x86_64-3.7/include/tlx/digest.hpp -> /venv/lib64/python3.7/site-packages/include/tlx
    copying build/lib.linux-x86_64-3.7/include/tlx/cmdline_parser.hpp -> /venv/lib64/python3.7/site-packages/include/tlx
    copying build/lib.linux-x86_64-3.7/include/tlx/stack_allocator.hpp -> /venv/lib64/python3.7/site-packages/include/tlx
    creating /venv/lib64/python3.7/site-packages/include/tlx/port
    copying build/lib.linux-x86_64-3.7/include/tlx/port/setenv.hpp -> /venv/lib64/python3.7/site-packages/include/tlx/port
    creating /venv/lib64/python3.7/site-packages/include/tlx/die
    copying build/lib.linux-x86_64-3.7/include/tlx/die/core.hpp -> /venv/lib64/python3.7/site-packages/include/tlx/die
    copying build/lib.linux-x86_64-3.7/include/tlx/define.hpp -> /venv/lib64/python3.7/site-packages/include/tlx
    creating /venv/lib64/python3.7/site-packages/include/tlx/logger
    copying build/lib.linux-x86_64-3.7/include/tlx/logger/deque.hpp -> /venv/lib64/python3.7/site-packages/include/tlx/logger
    copying build/lib.linux-x86_64-3.7/include/tlx/logger/array.hpp -> /venv/lib64/python3.7/site-packages/include/tlx/logger
    copying build/lib.linux-x86_64-3.7/include/tlx/logger/map.hpp -> /venv/lib64/python3.7/site-packages/include/tlx/logger
    copying build/lib.linux-x86_64-3.7/include/tlx/logger/unordered_map.hpp -> /venv/lib64/python3.7/site-packages/include/tlx/logger
    copying build/lib.linux-x86_64-3.7/include/tlx/logger/set.hpp -> /venv/lib64/python3.7/site-packages/include/tlx/logger
    copying build/lib.linux-x86_64-3.7/include/tlx/logger/tuple.hpp -> /venv/lib64/python3.7/site-packages/include/tlx/logger
    copying build/lib.linux-x86_64-3.7/include/tlx/logger/core.hpp -> /venv/lib64/python3.7/site-packages/include/tlx/logger
    copying build/lib.linux-x86_64-3.7/include/tlx/logger/unordered_set.hpp -> /venv/lib64/python3.7/site-packages/include/tlx/logger
    copying build/lib.linux-x86_64-3.7/include/tlx/logger/all.hpp -> /venv/lib64/python3.7/site-packages/include/tlx/logger
    copying build/lib.linux-x86_64-3.7/include/tlx/siphash.hpp -> /venv/lib64/python3.7/site-packages/include/tlx
    copying build/lib.linux-x86_64-3.7/include/tlx/allocator_base.hpp -> /venv/lib64/python3.7/site-packages/include/tlx
    copying build/lib.linux-x86_64-3.7/include/tlx/port.hpp -> /venv/lib64/python3.7/site-packages/include/tlx
    copying build/lib.linux-x86_64-3.7/include/tlx/logger.hpp -> /venv/lib64/python3.7/site-packages/include/tlx
    copying build/lib.linux-x86_64-3.7/include/tlx/counting_ptr.hpp -> /venv/lib64/python3.7/site-packages/include/tlx
    creating /venv/lib64/python3.7/site-packages/include/tlx/meta
    copying build/lib.linux-x86_64-3.7/include/tlx/meta/is_std_array.hpp -> /venv/lib64/python3.7/site-packages/include/tlx/meta
    copying build/lib.linux-x86_64-3.7/include/tlx/meta/vmap_for_range.hpp -> /venv/lib64/python3.7/site-packages/include/tlx/meta
    copying build/lib.linux-x86_64-3.7/include/tlx/meta/vmap_foreach_with_index.hpp -> /venv/lib64/python3.7/site-packages/include/tlx/meta
    copying build/lib.linux-x86_64-3.7/include/tlx/meta/function_stack.hpp -> /venv/lib64/python3.7/site-packages/include/tlx/meta
    copying build/lib.linux-x86_64-3.7/include/tlx/meta/vmap_foreach.hpp -> /venv/lib64/python3.7/site-packages/include/tlx/meta
    copying build/lib.linux-x86_64-3.7/include/tlx/meta/apply_tuple.hpp -> /venv/lib64/python3.7/site-packages/include/tlx/meta
    copying build/lib.linux-x86_64-3.7/include/tlx/meta/has_member.hpp -> /venv/lib64/python3.7/site-packages/include/tlx/meta
    copying build/lib.linux-x86_64-3.7/include/tlx/meta/fold_right_tuple.hpp -> /venv/lib64/python3.7/site-packages/include/tlx/meta
    copying build/lib.linux-x86_64-3.7/include/tlx/meta/is_std_vector.hpp -> /venv/lib64/python3.7/site-packages/include/tlx/meta
    copying build/lib.linux-x86_64-3.7/include/tlx/meta/is_std_tuple.hpp -> /venv/lib64/python3.7/site-packages/include/tlx/meta
    copying build/lib.linux-x86_64-3.7/include/tlx/meta/index_sequence.hpp -> /venv/lib64/python3.7/site-packages/include/tlx/meta
    copying build/lib.linux-x86_64-3.7/include/tlx/meta/has_method.hpp -> /venv/lib64/python3.7/site-packages/include/tlx/meta
    copying build/lib.linux-x86_64-3.7/include/tlx/meta/vmap_foreach_tuple_with_index.hpp -> /venv/lib64/python3.7/site-packages/include/tlx/meta
    copying build/lib.linux-x86_64-3.7/include/tlx/meta/function_chain.hpp -> /venv/lib64/python3.7/site-packages/include/tlx/meta
    copying build/lib.linux-x86_64-3.7/include/tlx/meta/fold_left.hpp -> /venv/lib64/python3.7/site-packages/include/tlx/meta
    copying build/lib.linux-x86_64-3.7/include/tlx/meta/vmap_foreach_tuple.hpp -> /venv/lib64/python3.7/site-packages/include/tlx/meta
    copying build/lib.linux-x86_64-3.7/include/tlx/meta/static_index.hpp -> /venv/lib64/python3.7/site-packages/include/tlx/meta
    copying build/lib.linux-x86_64-3.7/include/tlx/meta/is_std_pair.hpp -> /venv/lib64/python3.7/site-packages/include/tlx/meta
    copying build/lib.linux-x86_64-3.7/include/tlx/meta/call_foreach_tuple.hpp -> /venv/lib64/python3.7/site-packages/include/tlx/meta
    copying build/lib.linux-x86_64-3.7/include/tlx/meta/call_foreach_with_index.hpp -> /venv/lib64/python3.7/site-packages/include/tlx/meta
    copying build/lib.linux-x86_64-3.7/include/tlx/meta/call_for_range.hpp -> /venv/lib64/python3.7/site-packages/include/tlx/meta
    copying build/lib.linux-x86_64-3.7/include/tlx/meta/vexpand.hpp -> /venv/lib64/python3.7/site-packages/include/tlx/meta
    copying build/lib.linux-x86_64-3.7/include/tlx/meta/log2.hpp -> /venv/lib64/python3.7/site-packages/include/tlx/meta
    copying build/lib.linux-x86_64-3.7/include/tlx/meta/call_foreach.hpp -> /venv/lib64/python3.7/site-packages/include/tlx/meta
    copying build/lib.linux-x86_64-3.7/include/tlx/meta/fold_left_tuple.hpp -> /venv/lib64/python3.7/site-packages/include/tlx/meta
    copying build/lib.linux-x86_64-3.7/include/tlx/meta/fold_right.hpp -> /venv/lib64/python3.7/site-packages/include/tlx/meta
    copying build/lib.linux-x86_64-3.7/include/tlx/meta/call_foreach_tuple_with_index.hpp -> /venv/lib64/python3.7/site-packages/include/tlx/meta
    creating /venv/lib64/python3.7/site-packages/include/tlx/math
    copying build/lib.linux-x86_64-3.7/include/tlx/math/bswap_le.hpp -> /venv/lib64/python3.7/site-packages/include/tlx/math
    copying build/lib.linux-x86_64-3.7/include/tlx/math/round_to_power_of_two.hpp -> /venv/lib64/python3.7/site-packages/include/tlx/math
    copying build/lib.linux-x86_64-3.7/include/tlx/math/clz.hpp -> /venv/lib64/python3.7/site-packages/include/tlx/math
    copying build/lib.linux-x86_64-3.7/include/tlx/math/is_power_of_two.hpp -> /venv/lib64/python3.7/site-packages/include/tlx/math
    copying build/lib.linux-x86_64-3.7/include/tlx/math/integer_log2.hpp -> /venv/lib64/python3.7/site-packages/include/tlx/math
    copying build/lib.linux-x86_64-3.7/include/tlx/math/ffs.hpp -> /venv/lib64/python3.7/site-packages/include/tlx/math
    copying build/lib.linux-x86_64-3.7/include/tlx/math/bswap_be.hpp -> /venv/lib64/python3.7/site-packages/include/tlx/math
    copying build/lib.linux-x86_64-3.7/include/tlx/math/ror.hpp -> /venv/lib64/python3.7/site-packages/include/tlx/math
    copying build/lib.linux-x86_64-3.7/include/tlx/math/bswap.hpp -> /venv/lib64/python3.7/site-packages/include/tlx/math
    copying build/lib.linux-x86_64-3.7/include/tlx/math/div_ceil.hpp -> /venv/lib64/python3.7/site-packages/include/tlx/math
    copying build/lib.linux-x86_64-3.7/include/tlx/math/rol.hpp -> /venv/lib64/python3.7/site-packages/include/tlx/math
    copying build/lib.linux-x86_64-3.7/include/tlx/math/abs_diff.hpp -> /venv/lib64/python3.7/site-packages/include/tlx/math
    creating /venv/lib64/python3.7/site-packages/include/tlx/string
    copying build/lib.linux-x86_64-3.7/include/tlx/string/split_quoted.hpp -> /venv/lib64/python3.7/site-packages/include/tlx/string
    copying build/lib.linux-x86_64-3.7/include/tlx/string/split.hpp -> /venv/lib64/python3.7/site-packages/include/tlx/string
    copying build/lib.linux-x86_64-3.7/include/tlx/string/contains.hpp -> /venv/lib64/python3.7/site-packages/include/tlx/string
    copying build/lib.linux-x86_64-3.7/include/tlx/string/format_si_iec_units.hpp -> /venv/lib64/python3.7/site-packages/include/tlx/string
    copying build/lib.linux-x86_64-3.7/include/tlx/string/less_icase.hpp -> /venv/lib64/python3.7/site-packages/include/tlx/string
    copying build/lib.linux-x86_64-3.7/include/tlx/string/pad.hpp -> /venv/lib64/python3.7/site-packages/include/tlx/string
    copying build/lib.linux-x86_64-3.7/include/tlx/string/to_lower.hpp -> /venv/lib64/python3.7/site-packages/include/tlx/string
    copying build/lib.linux-x86_64-3.7/include/tlx/string/ends_with.hpp -> /venv/lib64/python3.7/site-packages/include/tlx/string
    copying build/lib.linux-x86_64-3.7/include/tlx/string/hexdump.hpp -> /venv/lib64/python3.7/site-packages/include/tlx/string
    copying build/lib.linux-x86_64-3.7/include/tlx/string/join_quoted.hpp -> /venv/lib64/python3.7/site-packages/include/tlx/string
    copying build/lib.linux-x86_64-3.7/include/tlx/string/escape_html.hpp -> /venv/lib64/python3.7/site-packages/include/tlx/string
    copying build/lib.linux-x86_64-3.7/include/tlx/string/extract_between.hpp -> /venv/lib64/python3.7/site-packages/include/tlx/string
    copying build/lib.linux-x86_64-3.7/include/tlx/string/expand_environment_variables.hpp -> /venv/lib64/python3.7/site-packages/include/tlx/string
    copying build/lib.linux-x86_64-3.7/include/tlx/string/equal_icase.hpp -> /venv/lib64/python3.7/site-packages/include/tlx/string
    copying build/lib.linux-x86_64-3.7/include/tlx/string/trim.hpp -> /venv/lib64/python3.7/site-packages/include/tlx/string
    copying build/lib.linux-x86_64-3.7/include/tlx/string/replace.hpp -> /venv/lib64/python3.7/site-packages/include/tlx/string
    copying build/lib.linux-x86_64-3.7/include/tlx/string/index_of.hpp -> /venv/lib64/python3.7/site-packages/include/tlx/string
    copying build/lib.linux-x86_64-3.7/include/tlx/string/join_generic.hpp -> /venv/lib64/python3.7/site-packages/include/tlx/string
    copying build/lib.linux-x86_64-3.7/include/tlx/string/join.hpp -> /venv/lib64/python3.7/site-packages/include/tlx/string
    copying build/lib.linux-x86_64-3.7/include/tlx/string/base64.hpp -> /venv/lib64/python3.7/site-packages/include/tlx/string
    copying build/lib.linux-x86_64-3.7/include/tlx/string/erase_all.hpp -> /venv/lib64/python3.7/site-packages/include/tlx/string
    copying build/lib.linux-x86_64-3.7/include/tlx/string/split_words.hpp -> /venv/lib64/python3.7/site-packages/include/tlx/string
    copying build/lib.linux-x86_64-3.7/include/tlx/string/starts_with.hpp -> /venv/lib64/python3.7/site-packages/include/tlx/string
    copying build/lib.linux-x86_64-3.7/include/tlx/string/compare_icase.hpp -> /venv/lib64/python3.7/site-packages/include/tlx/string
    copying build/lib.linux-x86_64-3.7/include/tlx/string/word_wrap.hpp -> /venv/lib64/python3.7/site-packages/include/tlx/string
    copying build/lib.linux-x86_64-3.7/include/tlx/string/union_words.hpp -> /venv/lib64/python3.7/site-packages/include/tlx/string
    copying build/lib.linux-x86_64-3.7/include/tlx/string/escape_uri.hpp -> /venv/lib64/python3.7/site-packages/include/tlx/string
    copying build/lib.linux-x86_64-3.7/include/tlx/string/parse_si_iec_units.hpp -> /venv/lib64/python3.7/site-packages/include/tlx/string
    copying build/lib.linux-x86_64-3.7/include/tlx/string/contains_word.hpp -> /venv/lib64/python3.7/site-packages/include/tlx/string
    copying build/lib.linux-x86_64-3.7/include/tlx/string/to_upper.hpp -> /venv/lib64/python3.7/site-packages/include/tlx/string
    creating /venv/lib64/python3.7/site-packages/include/tlx/algorithm
    copying build/lib.linux-x86_64-3.7/include/tlx/algorithm/merge_combine.hpp -> /venv/lib64/python3.7/site-packages/include/tlx/algorithm
    copying build/lib.linux-x86_64-3.7/include/tlx/algorithm/multiway_merge_splitting.hpp -> /venv/lib64/python3.7/site-packages/include/tlx/algorithm
    copying build/lib.linux-x86_64-3.7/include/tlx/algorithm/exclusive_scan.hpp -> /venv/lib64/python3.7/site-packages/include/tlx/algorithm
    copying build/lib.linux-x86_64-3.7/include/tlx/algorithm/multiway_merge.hpp -> /venv/lib64/python3.7/site-packages/include/tlx/algorithm
    copying build/lib.linux-x86_64-3.7/include/tlx/algorithm/random_bipartition_shuffle.hpp -> /venv/lib64/python3.7/site-packages/include/tlx/algorithm
    copying build/lib.linux-x86_64-3.7/include/tlx/algorithm/is_sorted_cmp.hpp -> /venv/lib64/python3.7/site-packages/include/tlx/algorithm
    copying build/lib.linux-x86_64-3.7/include/tlx/algorithm/parallel_multiway_merge.hpp -> /venv/lib64/python3.7/site-packages/include/tlx/algorithm
    copying build/lib.linux-x86_64-3.7/include/tlx/algorithm/multisequence_partition.hpp -> /venv/lib64/python3.7/site-packages/include/tlx/algorithm
    copying build/lib.linux-x86_64-3.7/include/tlx/algorithm/multisequence_selection.hpp -> /venv/lib64/python3.7/site-packages/include/tlx/algorithm
    copying build/lib.linux-x86_64-3.7/include/tlx/algorithm/merge_advance.hpp -> /venv/lib64/python3.7/site-packages/include/tlx/algorithm
    copying build/lib.linux-x86_64-3.7/include/tlx/simple_vector.hpp -> /venv/lib64/python3.7/site-packages/include/tlx
    copying build/lib.linux-x86_64-3.7/include/tlx/delegate.hpp -> /venv/lib64/python3.7/site-packages/include/tlx
    copying build/lib.linux-x86_64-3.7/include/tlx/string.hpp -> /venv/lib64/python3.7/site-packages/include/tlx
    copying build/lib.linux-x86_64-3.7/include/tlx/backtrace.hpp -> /venv/lib64/python3.7/site-packages/include/tlx
    copying build/lib.linux-x86_64-3.7/include/tlx/thread_pool.hpp -> /venv/lib64/python3.7/site-packages/include/tlx
    creating /venv/lib64/python3.7/site-packages/include/tlx/digest
    copying build/lib.linux-x86_64-3.7/include/tlx/digest/md5.hpp -> /venv/lib64/python3.7/site-packages/include/tlx/digest
    copying build/lib.linux-x86_64-3.7/include/tlx/digest/sha512.hpp -> /venv/lib64/python3.7/site-packages/include/tlx/digest
    copying build/lib.linux-x86_64-3.7/include/tlx/digest/sha256.hpp -> /venv/lib64/python3.7/site-packages/include/tlx/digest
    copying build/lib.linux-x86_64-3.7/include/tlx/digest/sha1.hpp -> /venv/lib64/python3.7/site-packages/include/tlx/digest
    byte-compiling /venv/lib64/python3.7/site-packages/networkit/__init__.py to __init__.cpython-37.pyc
    byte-compiling /venv/lib64/python3.7/site-packages/networkit/matching.py to matching.cpython-37.pyc
    byte-compiling /venv/lib64/python3.7/site-packages/networkit/scd.py to scd.cpython-37.pyc
    byte-compiling /venv/lib64/python3.7/site-packages/networkit/linkprediction.py to linkprediction.cpython-37.pyc
    byte-compiling /venv/lib64/python3.7/site-packages/networkit/generators.py to generators.cpython-37.pyc
    byte-compiling /venv/lib64/python3.7/site-packages/networkit/coloring.py to coloring.cpython-37.pyc
    byte-compiling /venv/lib64/python3.7/site-packages/networkit/plot.py to plot.cpython-37.pyc
    byte-compiling /venv/lib64/python3.7/site-packages/networkit/GEXFIO.py to GEXFIO.cpython-37.pyc
    byte-compiling /venv/lib64/python3.7/site-packages/networkit/distance.py to distance.cpython-37.pyc
    byte-compiling /venv/lib64/python3.7/site-packages/networkit/clique.py to clique.cpython-37.pyc
    byte-compiling /venv/lib64/python3.7/site-packages/networkit/simulation.py to simulation.cpython-37.pyc
    byte-compiling /venv/lib64/python3.7/site-packages/networkit/engineering.py to engineering.cpython-37.pyc
    byte-compiling /venv/lib64/python3.7/site-packages/networkit/viz.py to viz.cpython-37.pyc
    byte-compiling /venv/lib64/python3.7/site-packages/networkit/test/__init__.py to __init__.cpython-37.pyc
    byte-compiling /venv/lib64/python3.7/site-packages/networkit/test/test_randomization.py to test_randomization.cpython-37.pyc
    byte-compiling /venv/lib64/python3.7/site-packages/networkit/test/test_community.py to test_community.cpython-37.pyc
    byte-compiling /venv/lib64/python3.7/site-packages/networkit/test/test_graphio.py to test_graphio.cpython-37.pyc
    byte-compiling /venv/lib64/python3.7/site-packages/networkit/test/test_sparsification.py to test_sparsification.cpython-37.pyc
    byte-compiling /venv/lib64/python3.7/site-packages/networkit/test/extension/__init__.py to __init__.cpython-37.pyc
    byte-compiling /venv/lib64/python3.7/site-packages/networkit/test/extension/test.py to test.cpython-37.pyc
    byte-compiling /venv/lib64/python3.7/site-packages/networkit/test/test_algorithms.py to test_algorithms.cpython-37.pyc
    byte-compiling /venv/lib64/python3.7/site-packages/networkit/test/gephi/__init__.py to __init__.cpython-37.pyc
    byte-compiling /venv/lib64/python3.7/site-packages/networkit/coarsening.py to coarsening.cpython-37.pyc
    byte-compiling /venv/lib64/python3.7/site-packages/networkit/graphio.py to graphio.cpython-37.pyc
    byte-compiling /venv/lib64/python3.7/site-packages/networkit/centrality.py to centrality.cpython-37.pyc
    byte-compiling /venv/lib64/python3.7/site-packages/networkit/stopwatch.py to stopwatch.cpython-37.pyc
    byte-compiling /venv/lib64/python3.7/site-packages/networkit/nxadapter.py to nxadapter.cpython-37.pyc
    byte-compiling /venv/lib64/python3.7/site-packages/networkit/flow.py to flow.cpython-37.pyc
    byte-compiling /venv/lib64/python3.7/site-packages/networkit/GraphMLIO.py to GraphMLIO.cpython-37.pyc
    byte-compiling /venv/lib64/python3.7/site-packages/networkit/structures.py to structures.cpython-37.pyc
    byte-compiling /venv/lib64/python3.7/site-packages/networkit/sparsification.py to sparsification.cpython-37.pyc
    byte-compiling /venv/lib64/python3.7/site-packages/networkit/globals.py to globals.cpython-37.pyc
    byte-compiling /venv/lib64/python3.7/site-packages/networkit/sampling.py to sampling.cpython-37.pyc
    byte-compiling /venv/lib64/python3.7/site-packages/networkit/community.py to community.cpython-37.pyc
    byte-compiling /venv/lib64/python3.7/site-packages/networkit/viztasks.py to viztasks.cpython-37.pyc
    byte-compiling /venv/lib64/python3.7/site-packages/networkit/workflows.py to workflows.cpython-37.pyc
    byte-compiling /venv/lib64/python3.7/site-packages/networkit/gephi/__init__.py to __init__.cpython-37.pyc
    byte-compiling /venv/lib64/python3.7/site-packages/networkit/gephi/pyclient.py to pyclient.cpython-37.pyc
    byte-compiling /venv/lib64/python3.7/site-packages/networkit/gephi/streaming.py to streaming.cpython-37.pyc
    byte-compiling /venv/lib64/python3.7/site-packages/networkit/gephi/csv.py to csv.cpython-37.pyc
    byte-compiling /venv/lib64/python3.7/site-packages/networkit/components.py to components.cpython-37.pyc
    byte-compiling /venv/lib64/python3.7/site-packages/networkit/profiling/__init__.py to __init__.cpython-37.pyc
    byte-compiling /venv/lib64/python3.7/site-packages/networkit/profiling/multiprocessing_helper.py to multiprocessing_helper.cpython-37.pyc
    byte-compiling /venv/lib64/python3.7/site-packages/networkit/profiling/plot.py to plot.cpython-37.pyc
    byte-compiling /venv/lib64/python3.7/site-packages/networkit/profiling/profiling.py to profiling.cpython-37.pyc
    byte-compiling /venv/lib64/python3.7/site-packages/networkit/profiling/stat.py to stat.cpython-37.pyc
    byte-compiling /venv/lib64/python3.7/site-packages/networkit/profiling/job.py to job.cpython-37.pyc
    byte-compiling /venv/lib64/python3.7/site-packages/networkit/randomization.py to randomization.cpython-37.pyc
    byte-compiling /venv/lib64/python3.7/site-packages/networkit/dynamic.py to dynamic.cpython-37.pyc
    byte-compiling /venv/lib64/python3.7/site-packages/networkit/stats.py to stats.cpython-37.pyc
    byte-compiling /venv/lib64/python3.7/site-packages/networkit/correlation.py to correlation.cpython-37.pyc
    byte-compiling /venv/lib64/python3.7/site-packages/networkit/algebraic.py to algebraic.cpython-37.pyc
    byte-compiling /venv/lib64/python3.7/site-packages/networkit/graph.py to graph.cpython-37.pyc
    byte-compiling /venv/lib64/python3.7/site-packages/networkit/partitioning.py to partitioning.cpython-37.pyc
    running install_egg_info
    running egg_info
    writing networkit.egg-info/PKG-INFO
    writing dependency_links to networkit.egg-info/dependency_links.txt
    writing requirements to networkit.egg-info/requires.txt
    writing top-level names to networkit.egg-info/top_level.txt
    reading manifest file 'networkit.egg-info/SOURCES.txt'
    reading manifest template 'MANIFEST.in'
    warning: no previously-included files found matching 'extlibs/tlx/.git'
    writing manifest file 'networkit.egg-info/SOURCES.txt'
    Copying networkit.egg-info to /venv/lib64/python3.7/site-packages/networkit-5.0-py3.7.egg-info
    running install_scripts
    Traceback (most recent call last):
      File "<string>", line 1, in <module>
      File "/tmp/pip-install-z55fb5hp/networkit/setup.py", line 282, in <module>
        zip_safe			= False) # see https://cython.readthedocs.io/en/latest/src/reference/compilation.html
      File "/venv/lib64/python3.7/site-packages/setuptools/__init__.py", line 145, in setup
        return distutils.core.setup(**attrs)
      File "/usr/lib64/python3.7/distutils/core.py", line 148, in setup
        dist.run_commands()
      File "/usr/lib64/python3.7/distutils/dist.py", line 966, in run_commands
        self.run_command(cmd)
      File "/usr/lib64/python3.7/distutils/dist.py", line 985, in run_command
        cmd_obj.run()
      File "/venv/lib64/python3.7/site-packages/setuptools/command/install.py", line 61, in run
        return orig.install.run(self)
      File "/usr/lib64/python3.7/distutils/command/install.py", line 575, in run
        outputs = self.get_outputs()
      File "/usr/lib64/python3.7/distutils/command/install.py", line 617, in get_outputs
        for filename in cmd.get_outputs():
      File "/venv/lib64/python3.7/site-packages/setuptools/command/install_lib.py", line 117, in get_outputs
        outputs = orig.install_lib.get_outputs(self)
      File "/usr/lib64/python3.7/distutils/command/install_lib.py", line 197, in get_outputs
        self.install_dir)
      File "/usr/lib64/python3.7/distutils/command/install_lib.py", line 148, in _mutate_outputs
        build_files = build_cmd.get_outputs()
      File "/usr/lib64/python3.7/distutils/cmd.py", line 103, in __getattr__
        raise AttributeError(attr)
    AttributeError: get_outputs
    ----------------------------------------
ERROR: Command errored out with exit status 1: /venv/bin/python3 -u -c 'import sys, setuptools, tokenize; sys.argv[0] = '"'"'/tmp/pip-install-z55fb5hp/networkit/setup.py'"'"'; __file__='"'"'/tmp/pip-install-z55fb5hp/networkit/setup.py'"'"';f=getattr(tokenize, '"'"'open'"'"', open)(__file__);code=f.read().replace('"'"'\r\n'"'"', '"'"'\n'"'"');f.close();exec(compile(code, __file__, '"'"'exec'"'"'))' install --record /tmp/pip-record-n45v2qit/install-record.txt --single-version-externally-managed --compile --install-headers /venv/include/site/python3.7/networkit Check the logs for full command output.
The command '/bin/sh -c pip install networkit' returned a non-zero code: 1
make: *** [Makefile:3: build] Error 1
